ene 16, 2014 4:36:24 PM org.apache.catalina.core.AprLifecycleListener init
Información: La biblioteca nativa de Apache Tomcat basada en ARP que permite un rendimiento óptimo en entornos de desarrollo no ha sido hallada en java.library.path: C:\Program Files\Java\jdk1.7.0_45\bin;C:\WINDOWS\Sun\Java\bin;C:\WINDOWS\system32;C:\WINDOWS;C:\Program Files (x86)\NVIDIA Corporation\PhysX\Common;C:\WINDOWS\system32;C:\WINDOWS;C:\WINDOWS\System32\Wbem;C:\WINDOWS\System32\WindowsPowerShell\v1.0\;C:\Program Files (x86)\Windows Kits\8.1\Windows Performance Toolkit\;C:\Program Files\Microsoft SQL Server\110\Tools\Binn\;C:\Program Files (x86)\MySQL\MySQL Utilities 1.3.4\;.
ene 16, 2014 4:36:25 PM org.apache.coyote.http11.Http11Protocol init
Grave: Error inicializando punto final (endpoint)
java.net.BindException: Address already in use: JVM_Bind <null>:8080
	at org.apache.tomcat.util.net.JIoEndpoint.init(JIoEndpoint.java:549)
	at org.apache.coyote.http11.Http11Protocol.init(Http11Protocol.java:176)
	at org.apache.catalina.connector.Connector.initialize(Connector.java:1014)
	at org.apache.catalina.core.StandardService.initialize(StandardService.java:680)
	at org.apache.catalina.core.StandardServer.initialize(StandardServer.java:795)
	at org.apache.catalina.startup.Catalina.load(Catalina.java:524)
	at org.apache.catalina.startup.Catalina.load(Catalina.java:548)
	at sun.reflect.NativeMethodAccessorImpl.invoke0(Native Method)
	at sun.reflect.NativeMethodAccessorImpl.invoke(NativeMethodAccessorImpl.java:57)
	at sun.reflect.DelegatingMethodAccessorImpl.invoke(DelegatingMethodAccessorImpl.java:43)
	at java.lang.reflect.Method.invoke(Method.java:606)
	at org.apache.catalina.startup.Bootstrap.load(Bootstrap.java:261)
	at org.apache.catalina.startup.Bootstrap.main(Bootstrap.java:413)
Caused by: java.net.BindException: Address already in use: JVM_Bind
	at java.net.DualStackPlainSocketImpl.bind0(Native Method)
	at java.net.DualStackPlainSocketImpl.socketBind(DualStackPlainSocketImpl.java:106)
	at java.net.AbstractPlainSocketImpl.bind(AbstractPlainSocketImpl.java:376)
	at java.net.PlainSocketImpl.bind(PlainSocketImpl.java:190)
	at java.net.ServerSocket.bind(ServerSocket.java:376)
	at java.net.ServerSocket.<init>(ServerSocket.java:237)
	at java.net.ServerSocket.<init>(ServerSocket.java:181)
	at org.apache.tomcat.util.net.DefaultServerSocketFactory.createSocket(DefaultServerSocketFactory.java:50)
	at org.apache.tomcat.util.net.JIoEndpoint.init(JIoEndpoint.java:538)
	... 12 more

ene 16, 2014 4:36:25 PM org.apache.catalina.startup.Catalina load
Grave: Catalina.start
LifecycleException:  Falló la inicialización del manejador de protocolo: java.net.BindException: Address already in use: JVM_Bind <null>:8080
	at org.apache.catalina.connector.Connector.initialize(Connector.java:1016)
	at org.apache.catalina.core.StandardService.initialize(StandardService.java:680)
	at org.apache.catalina.core.StandardServer.initialize(StandardServer.java:795)
	at org.apache.catalina.startup.Catalina.load(Catalina.java:524)
	at org.apache.catalina.startup.Catalina.load(Catalina.java:548)
	at sun.reflect.NativeMethodAccessorImpl.invoke0(Native Method)
	at sun.reflect.NativeMethodAccessorImpl.invoke(NativeMethodAccessorImpl.java:57)
	at sun.reflect.DelegatingMethodAccessorImpl.invoke(DelegatingMethodAccessorImpl.java:43)
	at java.lang.reflect.Method.invoke(Method.java:606)
	at org.apache.catalina.startup.Bootstrap.load(Bootstrap.java:261)
	at org.apache.catalina.startup.Bootstrap.main(Bootstrap.java:413)

ene 16, 2014 4:36:25 PM org.apache.catalina.startup.Catalina load
Información: Initialization processed in 1056 ms
ene 16, 2014 4:36:25 PM org.apache.catalina.core.StandardService start
Información: Arrancando servicio Catalina
ene 16, 2014 4:36:25 PM org.apache.catalina.core.StandardEngine start
Información: Starting Servlet Engine: Apache Tomcat/6.0.26
ene 16, 2014 4:36:25 PM org.apache.catalina.startup.HostConfig deployDescriptor
Información: Desplieque del descriptor de configuración host-manager.xml
ene 16, 2014 4:36:26 PM org.apache.catalina.startup.HostConfig deployDescriptor
Información: Desplieque del descriptor de configuración juddiv3.xml
ene 16, 2014 4:36:27 PM org.springframework.web.context.ContextLoader initWebApplicationContext
Información: Root WebApplicationContext: initialization started
ene 16, 2014 4:36:27 PM org.springframework.context.support.AbstractApplicationContext prepareRefresh
Información: Refreshing Root WebApplicationContext: startup date [Thu Jan 16 16:36:27 CET 2014]; root of context hierarchy
ene 16, 2014 4:36:27 PM org.springframework.beans.factory.xml.XmlBeanDefinitionReader loadBeanDefinitions
Información: Loading XML bean definitions from ServletContext resource [/WEB-INF/beans.xml]
ene 16, 2014 4:36:28 PM org.springframework.beans.factory.xml.XmlBeanDefinitionReader loadBeanDefinitions
Información: Loading XML bean definitions from class path resource [META-INF/cxf/cxf.xml]
ene 16, 2014 4:36:28 PM org.springframework.beans.factory.xml.XmlBeanDefinitionReader loadBeanDefinitions
Información: Loading XML bean definitions from class path resource [META-INF/cxf/cxf-extension-soap.xml]
ene 16, 2014 4:36:28 PM org.springframework.beans.factory.xml.XmlBeanDefinitionReader loadBeanDefinitions
Información: Loading XML bean definitions from class path resource [META-INF/cxf/cxf-servlet.xml]
ene 16, 2014 4:36:28 PM org.springframework.beans.factory.xml.XmlBeanDefinitionReader loadBeanDefinitions
Información: Loading XML bean definitions from class path resource [META-INF/cxf/cxf-extension-http.xml]
ene 16, 2014 4:36:28 PM org.apache.juddi.api.impl.UDDIServiceCounter getServer
Información: Found MBean server
ene 16, 2014 4:36:28 PM org.apache.juddi.api.impl.UDDIServiceCounter getServer
Información: Found MBean server
ene 16, 2014 4:36:28 PM org.apache.juddi.api.impl.UDDIServiceCounter getServer
Información: Found MBean server
ene 16, 2014 4:36:28 PM org.apache.juddi.api.impl.UDDIServiceCounter getServer
Información: Found MBean server
ene 16, 2014 4:36:28 PM org.apache.juddi.api.impl.UDDIServiceCounter getServer
Información: Found MBean server
ene 16, 2014 4:36:29 PM org.springframework.beans.factory.support.DefaultListableBeanFactory preInstantiateSingletons
Información: Pre-instantiating singletons in org.springframework.beans.factory.support.DefaultListableBeanFactory@6e308d: defining beans [cxf,org.apache.cxf.bus.spring.BusApplicationListener,org.apache.cxf.bus.spring.BusWiringBeanFactoryPostProcessor,org.apache.cxf.bus.spring.Jsr250BeanPostProcessor,org.apache.cxf.bus.spring.BusExtensionPostProcessor,org.apache.cxf.resource.ResourceManager,org.apache.cxf.configuration.Configurer,org.apache.cxf.binding.BindingFactoryManager,org.apache.cxf.transport.DestinationFactoryManager,org.apache.cxf.transport.ConduitInitiatorManager,org.apache.cxf.wsdl.WSDLManager,org.apache.cxf.phase.PhaseManager,org.apache.cxf.workqueue.WorkQueueManager,org.apache.cxf.buslifecycle.BusLifeCycleManager,org.apache.cxf.endpoint.ServerRegistry,org.apache.cxf.endpoint.ServerLifeCycleManager,org.apache.cxf.endpoint.ClientLifeCycleManager,org.apache.cxf.transports.http.QueryHandlerRegistry,org.apache.cxf.endpoint.EndpointResolverRegistry,org.apache.cxf.headers.HeaderManager,org.apache.cxf.catalog.OASISCatalogManager,org.apache.cxf.service.factory.FactoryBeanListenerManager,org.apache.cxf.endpoint.ServiceContractResolverRegistry,org.apache.cxf.binding.soap.SoapBindingFactory,org.apache.cxf.binding.soap.SoapTransportFactory,org.apache.cxf.binding.soap.customEditorConfigurer,org.apache.cxf.transport.http.policy.HTTPClientAssertionBuilder,org.apache.cxf.transport.http.policy.HTTPServerAssertionBuilder,org.apache.cxf.transport.http.policy.NoOpPolicyInterceptorProvider,org.apache.cxf.transport.http.ClientOnlyHTTPTransportFactory,org.apache.cxf.transport.servlet.ServletTransportFactory,inquiry,publish,security,subscription,subscription-listener,custody-transfer,juddi-api]; root of factory hierarchy
ene 16, 2014 4:36:29 PM org.apache.cxf.service.factory.ReflectionServiceFactoryBean buildServiceFromClass
Información: Creating Service {urn:uddi-org:v3_service}UDDIInquiryService from class org.uddi.v3_service.UDDIInquiryPortType
ene 16, 2014 4:36:33 PM org.apache.cxf.endpoint.ServerImpl initDestination
Información: Setting the server's publish address to be /inquiry
ene 16, 2014 4:36:33 PM org.apache.cxf.service.factory.ReflectionServiceFactoryBean buildServiceFromClass
Información: Creating Service {urn:uddi-org:v3_service}UDDIPublicationService from class org.uddi.v3_service.UDDIPublicationPortType
ene 16, 2014 4:36:34 PM org.apache.cxf.endpoint.ServerImpl initDestination
Información: Setting the server's publish address to be /publish
ene 16, 2014 4:36:34 PM org.apache.cxf.service.factory.ReflectionServiceFactoryBean buildServiceFromClass
Información: Creating Service {urn:uddi-org:v3_service}UDDISecurityService from class org.uddi.v3_service.UDDISecurityPortType
ene 16, 2014 4:36:35 PM org.apache.cxf.endpoint.ServerImpl initDestination
Información: Setting the server's publish address to be /security
ene 16, 2014 4:36:35 PM org.apache.cxf.service.factory.ReflectionServiceFactoryBean buildServiceFromClass
Información: Creating Service {urn:uddi-org:v3_service}UDDISubscriptionService from class org.uddi.v3_service.UDDISubscriptionPortType
ene 16, 2014 4:36:36 PM org.apache.cxf.endpoint.ServerImpl initDestination
Información: Setting the server's publish address to be /subscription
ene 16, 2014 4:36:36 PM org.apache.cxf.service.factory.ReflectionServiceFactoryBean buildServiceFromClass
Información: Creating Service {urn:uddi-org:v3_service}UDDISubscriptionListenerService from class org.uddi.v3_service.UDDISubscriptionListenerPortType
ene 16, 2014 4:36:36 PM org.apache.cxf.endpoint.ServerImpl initDestination
Información: Setting the server's publish address to be /subscription-listener
ene 16, 2014 4:36:37 PM org.apache.cxf.service.factory.ReflectionServiceFactoryBean buildServiceFromClass
Información: Creating Service {urn:uddi-org:v3_service}UDDICustodyTransferService from class org.uddi.v3_service.UDDICustodyTransferPortType
ene 16, 2014 4:36:37 PM org.apache.cxf.endpoint.ServerImpl initDestination
Información: Setting the server's publish address to be /custody-transfer
ene 16, 2014 4:36:37 PM org.apache.cxf.service.factory.ReflectionServiceFactoryBean buildServiceFromClass
Información: Creating Service {urn:juddi-apache-org:v3_service}JUDDIApiService from class org.apache.juddi.v3_service.JUDDIApiPortType
ene 16, 2014 4:36:37 PM org.apache.cxf.endpoint.ServerImpl initDestination
Información: Setting the server's publish address to be /juddi-api
ene 16, 2014 4:36:37 PM org.springframework.web.context.ContextLoader initWebApplicationContext
Información: Root WebApplicationContext: initialization completed in 10243 ms
ene 16, 2014 4:36:37 PM org.apache.juddi.Registry start
Información: Starting jUDDI registry...
ene 16, 2014 4:36:37 PM org.apache.juddi.config.AppConfig loadConfiguration
Información: Reading from properties file:  file:/C:/Users/fawques/Documents/SOR/libSOR/lib/juddi-distro-3.1.5/juddi-tomcat-3.1.5/webapps/juddiv3/WEB-INF/classes/juddiv3.properties
ene 16, 2014 4:36:41 PM org.apache.cxf.transport.servlet.CXFServlet updateContext
Información: Load the bus with application context
ene 16, 2014 4:36:41 PM org.springframework.context.support.AbstractApplicationContext prepareRefresh
Información: Refreshing org.apache.cxf.bus.spring.BusApplicationContext@336bd420: startup date [Thu Jan 16 16:36:41 CET 2014]; parent: Root WebApplicationContext
ene 16, 2014 4:36:41 PM org.springframework.beans.factory.support.DefaultListableBeanFactory preInstantiateSingletons
Información: Pre-instantiating singletons in org.springframework.beans.factory.support.DefaultListableBeanFactory@2e7b134a: defining beans []; parent: org.springframework.beans.factory.support.DefaultListableBeanFactory@6e308d
ene 16, 2014 4:36:41 PM org.apache.cxf.transport.servlet.AbstractCXFServlet replaceDestinationFactory
Información: Servlet transport factory already registered 
ene 16, 2014 4:36:42 PM org.apache.catalina.startup.HostConfig deployDescriptor
Información: Desplieque del descriptor de configuración manager.xml
ene 16, 2014 4:36:43 PM org.apache.catalina.startup.HostConfig deployDirectory
Información: Despliegue del directorio docs de la aplicación web
ene 16, 2014 4:36:43 PM org.apache.catalina.startup.HostConfig deployDirectory
Información: Despliegue del directorio examples de la aplicación web
ene 16, 2014 4:36:43 PM org.apache.catalina.startup.HostConfig deployDirectory
Información: Despliegue del directorio ROOT de la aplicación web
ene 16, 2014 4:36:43 PM org.apache.coyote.http11.Http11Protocol start
Grave: Error arrancando punto final (endpoint)
java.net.BindException: Address already in use: JVM_Bind <null>:8080
	at org.apache.tomcat.util.net.JIoEndpoint.init(JIoEndpoint.java:549)
	at org.apache.tomcat.util.net.JIoEndpoint.start(JIoEndpoint.java:565)
	at org.apache.coyote.http11.Http11Protocol.start(Http11Protocol.java:203)
	at org.apache.catalina.connector.Connector.start(Connector.java:1087)
	at org.apache.catalina.core.StandardService.start(StandardService.java:534)
	at org.apache.catalina.core.StandardServer.start(StandardServer.java:710)
	at org.apache.catalina.startup.Catalina.start(Catalina.java:581)
	at sun.reflect.NativeMethodAccessorImpl.invoke0(Native Method)
	at sun.reflect.NativeMethodAccessorImpl.invoke(NativeMethodAccessorImpl.java:57)
	at sun.reflect.DelegatingMethodAccessorImpl.invoke(DelegatingMethodAccessorImpl.java:43)
	at java.lang.reflect.Method.invoke(Method.java:606)
	at org.apache.catalina.startup.Bootstrap.start(Bootstrap.java:289)
	at org.apache.catalina.startup.Bootstrap.main(Bootstrap.java:414)
Caused by: java.net.BindException: Address already in use: JVM_Bind
	at java.net.DualStackPlainSocketImpl.bind0(Native Method)
	at java.net.DualStackPlainSocketImpl.socketBind(DualStackPlainSocketImpl.java:106)
	at java.net.AbstractPlainSocketImpl.bind(AbstractPlainSocketImpl.java:376)
	at java.net.PlainSocketImpl.bind(PlainSocketImpl.java:190)
	at java.net.ServerSocket.bind(ServerSocket.java:376)
	at java.net.ServerSocket.<init>(ServerSocket.java:237)
	at java.net.ServerSocket.<init>(ServerSocket.java:181)
	at org.apache.tomcat.util.net.DefaultServerSocketFactory.createSocket(DefaultServerSocketFactory.java:50)
	at org.apache.tomcat.util.net.JIoEndpoint.init(JIoEndpoint.java:538)
	... 12 more

ene 16, 2014 4:36:43 PM org.apache.catalina.startup.Catalina start
Grave: Catalina.start: 
LifecycleException:  service.getName(): "Catalina";  Falló el arranque del manejador de protocolo: java.net.BindException: Address already in use: JVM_Bind <null>:8080
	at org.apache.catalina.connector.Connector.start(Connector.java:1094)
	at org.apache.catalina.core.StandardService.start(StandardService.java:534)
	at org.apache.catalina.core.StandardServer.start(StandardServer.java:710)
	at org.apache.catalina.startup.Catalina.start(Catalina.java:581)
	at sun.reflect.NativeMethodAccessorImpl.invoke0(Native Method)
	at sun.reflect.NativeMethodAccessorImpl.invoke(NativeMethodAccessorImpl.java:57)
	at sun.reflect.DelegatingMethodAccessorImpl.invoke(DelegatingMethodAccessorImpl.java:43)
	at java.lang.reflect.Method.invoke(Method.java:606)
	at org.apache.catalina.startup.Bootstrap.start(Bootstrap.java:289)
	at org.apache.catalina.startup.Bootstrap.main(Bootstrap.java:414)

ene 16, 2014 4:36:43 PM org.apache.catalina.startup.Catalina start
Información: Server startup in 18486 ms
ene 16, 2014 4:38:48 PM org.apache.catalina.core.AprLifecycleListener init
Información: La biblioteca nativa de Apache Tomcat basada en ARP que permite un rendimiento óptimo en entornos de desarrollo no ha sido hallada en java.library.path: C:\Program Files\Java\jdk1.7.0_45\bin;C:\WINDOWS\Sun\Java\bin;C:\WINDOWS\system32;C:\WINDOWS;C:\Program Files (x86)\NVIDIA Corporation\PhysX\Common;C:\WINDOWS\system32;C:\WINDOWS;C:\WINDOWS\System32\Wbem;C:\WINDOWS\System32\WindowsPowerShell\v1.0\;C:\Program Files (x86)\Windows Kits\8.1\Windows Performance Toolkit\;C:\Program Files\Microsoft SQL Server\110\Tools\Binn\;C:\Program Files (x86)\MySQL\MySQL Utilities 1.3.4\;.
ene 16, 2014 4:38:48 PM org.apache.coyote.http11.Http11Protocol init
Información: Inicializando Coyote HTTP/1.1 en puerto http-8081
ene 16, 2014 4:38:48 PM org.apache.catalina.startup.Catalina load
Información: Initialization processed in 482 ms
ene 16, 2014 4:38:48 PM org.apache.catalina.core.StandardService start
Información: Arrancando servicio Catalina
ene 16, 2014 4:38:48 PM org.apache.catalina.core.StandardEngine start
Información: Starting Servlet Engine: Apache Tomcat/6.0.26
ene 16, 2014 4:38:48 PM org.apache.catalina.startup.HostConfig deployDescriptor
Información: Desplieque del descriptor de configuración host-manager.xml
ene 16, 2014 4:38:48 PM org.apache.catalina.startup.HostConfig deployDescriptor
Información: Desplieque del descriptor de configuración juddiv3.xml
ene 16, 2014 4:38:49 PM org.springframework.web.context.ContextLoader initWebApplicationContext
Información: Root WebApplicationContext: initialization started
ene 16, 2014 4:38:49 PM org.springframework.context.support.AbstractApplicationContext prepareRefresh
Información: Refreshing Root WebApplicationContext: startup date [Thu Jan 16 16:38:49 CET 2014]; root of context hierarchy
ene 16, 2014 4:38:49 PM org.springframework.beans.factory.xml.XmlBeanDefinitionReader loadBeanDefinitions
Información: Loading XML bean definitions from ServletContext resource [/WEB-INF/beans.xml]
ene 16, 2014 4:38:51 PM org.springframework.beans.factory.xml.XmlBeanDefinitionReader loadBeanDefinitions
Información: Loading XML bean definitions from class path resource [META-INF/cxf/cxf.xml]
ene 16, 2014 4:38:51 PM org.springframework.beans.factory.xml.XmlBeanDefinitionReader loadBeanDefinitions
Información: Loading XML bean definitions from class path resource [META-INF/cxf/cxf-extension-soap.xml]
ene 16, 2014 4:38:51 PM org.springframework.beans.factory.xml.XmlBeanDefinitionReader loadBeanDefinitions
Información: Loading XML bean definitions from class path resource [META-INF/cxf/cxf-servlet.xml]
ene 16, 2014 4:38:51 PM org.springframework.beans.factory.xml.XmlBeanDefinitionReader loadBeanDefinitions
Información: Loading XML bean definitions from class path resource [META-INF/cxf/cxf-extension-http.xml]
ene 16, 2014 4:38:51 PM org.apache.juddi.api.impl.UDDIServiceCounter getServer
Información: Found MBean server
ene 16, 2014 4:38:51 PM org.apache.juddi.api.impl.UDDIServiceCounter getServer
Información: Found MBean server
ene 16, 2014 4:38:51 PM org.apache.juddi.api.impl.UDDIServiceCounter getServer
Información: Found MBean server
ene 16, 2014 4:38:51 PM org.apache.juddi.api.impl.UDDIServiceCounter getServer
Información: Found MBean server
ene 16, 2014 4:38:51 PM org.apache.juddi.api.impl.UDDIServiceCounter getServer
Información: Found MBean server
ene 16, 2014 4:38:52 PM org.springframework.beans.factory.support.DefaultListableBeanFactory preInstantiateSingletons
Información: Pre-instantiating singletons in org.springframework.beans.factory.support.DefaultListableBeanFactory@293bbeb1: defining beans [cxf,org.apache.cxf.bus.spring.BusApplicationListener,org.apache.cxf.bus.spring.BusWiringBeanFactoryPostProcessor,org.apache.cxf.bus.spring.Jsr250BeanPostProcessor,org.apache.cxf.bus.spring.BusExtensionPostProcessor,org.apache.cxf.resource.ResourceManager,org.apache.cxf.configuration.Configurer,org.apache.cxf.binding.BindingFactoryManager,org.apache.cxf.transport.DestinationFactoryManager,org.apache.cxf.transport.ConduitInitiatorManager,org.apache.cxf.wsdl.WSDLManager,org.apache.cxf.phase.PhaseManager,org.apache.cxf.workqueue.WorkQueueManager,org.apache.cxf.buslifecycle.BusLifeCycleManager,org.apache.cxf.endpoint.ServerRegistry,org.apache.cxf.endpoint.ServerLifeCycleManager,org.apache.cxf.endpoint.ClientLifeCycleManager,org.apache.cxf.transports.http.QueryHandlerRegistry,org.apache.cxf.endpoint.EndpointResolverRegistry,org.apache.cxf.headers.HeaderManager,org.apache.cxf.catalog.OASISCatalogManager,org.apache.cxf.service.factory.FactoryBeanListenerManager,org.apache.cxf.endpoint.ServiceContractResolverRegistry,org.apache.cxf.binding.soap.SoapBindingFactory,org.apache.cxf.binding.soap.SoapTransportFactory,org.apache.cxf.binding.soap.customEditorConfigurer,org.apache.cxf.transport.http.policy.HTTPClientAssertionBuilder,org.apache.cxf.transport.http.policy.HTTPServerAssertionBuilder,org.apache.cxf.transport.http.policy.NoOpPolicyInterceptorProvider,org.apache.cxf.transport.http.ClientOnlyHTTPTransportFactory,org.apache.cxf.transport.servlet.ServletTransportFactory,inquiry,publish,security,subscription,subscription-listener,custody-transfer,juddi-api]; root of factory hierarchy
ene 16, 2014 4:38:52 PM org.apache.cxf.service.factory.ReflectionServiceFactoryBean buildServiceFromClass
Información: Creating Service {urn:uddi-org:v3_service}UDDIInquiryService from class org.uddi.v3_service.UDDIInquiryPortType
ene 16, 2014 4:38:55 PM org.apache.cxf.endpoint.ServerImpl initDestination
Información: Setting the server's publish address to be /inquiry
ene 16, 2014 4:38:55 PM org.apache.cxf.service.factory.ReflectionServiceFactoryBean buildServiceFromClass
Información: Creating Service {urn:uddi-org:v3_service}UDDIPublicationService from class org.uddi.v3_service.UDDIPublicationPortType
ene 16, 2014 4:38:55 PM org.apache.cxf.endpoint.ServerImpl initDestination
Información: Setting the server's publish address to be /publish
ene 16, 2014 4:38:55 PM org.apache.cxf.service.factory.ReflectionServiceFactoryBean buildServiceFromClass
Información: Creating Service {urn:uddi-org:v3_service}UDDISecurityService from class org.uddi.v3_service.UDDISecurityPortType
ene 16, 2014 4:38:56 PM org.apache.cxf.endpoint.ServerImpl initDestination
Información: Setting the server's publish address to be /security
ene 16, 2014 4:38:56 PM org.apache.cxf.service.factory.ReflectionServiceFactoryBean buildServiceFromClass
Información: Creating Service {urn:uddi-org:v3_service}UDDISubscriptionService from class org.uddi.v3_service.UDDISubscriptionPortType
ene 16, 2014 4:38:56 PM org.apache.cxf.endpoint.ServerImpl initDestination
Información: Setting the server's publish address to be /subscription
ene 16, 2014 4:38:56 PM org.apache.cxf.service.factory.ReflectionServiceFactoryBean buildServiceFromClass
Información: Creating Service {urn:uddi-org:v3_service}UDDISubscriptionListenerService from class org.uddi.v3_service.UDDISubscriptionListenerPortType
ene 16, 2014 4:38:57 PM org.apache.cxf.endpoint.ServerImpl initDestination
Información: Setting the server's publish address to be /subscription-listener
ene 16, 2014 4:38:57 PM org.apache.cxf.service.factory.ReflectionServiceFactoryBean buildServiceFromClass
Información: Creating Service {urn:uddi-org:v3_service}UDDICustodyTransferService from class org.uddi.v3_service.UDDICustodyTransferPortType
ene 16, 2014 4:38:57 PM org.apache.cxf.endpoint.ServerImpl initDestination
Información: Setting the server's publish address to be /custody-transfer
ene 16, 2014 4:38:57 PM org.apache.cxf.service.factory.ReflectionServiceFactoryBean buildServiceFromClass
Información: Creating Service {urn:juddi-apache-org:v3_service}JUDDIApiService from class org.apache.juddi.v3_service.JUDDIApiPortType
ene 16, 2014 4:38:57 PM org.apache.cxf.endpoint.ServerImpl initDestination
Información: Setting the server's publish address to be /juddi-api
ene 16, 2014 4:38:57 PM org.springframework.web.context.ContextLoader initWebApplicationContext
Información: Root WebApplicationContext: initialization completed in 7941 ms
ene 16, 2014 4:38:57 PM org.apache.juddi.Registry start
Información: Starting jUDDI registry...
ene 16, 2014 4:38:59 PM org.apache.juddi.config.AppConfig loadConfiguration
Información: Reading from properties file:  file:/C:/Users/fawques/Documents/SOR/libSOR/lib/juddi-distro-3.1.5/juddi-tomcat-3.1.5/webapps/juddiv3/WEB-INF/classes/juddiv3.properties
ene 16, 2014 4:39:11 PM org.apache.cxf.transport.servlet.CXFServlet updateContext
Información: Load the bus with application context
ene 16, 2014 4:39:11 PM org.springframework.context.support.AbstractApplicationContext prepareRefresh
Información: Refreshing org.apache.cxf.bus.spring.BusApplicationContext@96da65f: startup date [Thu Jan 16 16:39:11 CET 2014]; parent: Root WebApplicationContext
ene 16, 2014 4:39:11 PM org.springframework.beans.factory.support.DefaultListableBeanFactory preInstantiateSingletons
Información: Pre-instantiating singletons in org.springframework.beans.factory.support.DefaultListableBeanFactory@1ec896d2: defining beans []; parent: org.springframework.beans.factory.support.DefaultListableBeanFactory@293bbeb1
ene 16, 2014 4:39:11 PM org.apache.cxf.transport.servlet.AbstractCXFServlet replaceDestinationFactory
Información: Servlet transport factory already registered 
ene 16, 2014 4:39:11 PM org.apache.catalina.startup.HostConfig deployDescriptor
Información: Desplieque del descriptor de configuración manager.xml
ene 16, 2014 4:39:11 PM org.apache.catalina.startup.HostConfig deployDirectory
Información: Despliegue del directorio docs de la aplicación web
ene 16, 2014 4:39:11 PM org.apache.catalina.startup.HostConfig deployDirectory
Información: Despliegue del directorio examples de la aplicación web
ene 16, 2014 4:39:12 PM org.apache.catalina.startup.HostConfig deployDirectory
Información: Despliegue del directorio ROOT de la aplicación web
ene 16, 2014 4:39:13 PM org.apache.coyote.http11.Http11Protocol start
Información: Arrancando Coyote HTTP/1.1 en puerto http-8081
ene 16, 2014 4:39:14 PM org.apache.jk.common.ChannelSocket init
Información: JK: ajp13 listening on /0.0.0.0:8009
ene 16, 2014 4:39:14 PM org.apache.jk.server.JkMain start
Información: Jk running ID=0 time=0/181  config=null
ene 16, 2014 4:39:14 PM org.apache.catalina.startup.Catalina start
Información: Server startup in 25680 ms
ene 16, 2014 5:01:54 PM org.apache.juddi.config.AppConfig loadConfiguration
Información: Reading from properties file:  file:/C:/Users/fawques/Documents/SOR/libSOR/lib/juddi-distro-3.1.5/juddi-tomcat-3.1.5/webapps/juddiv3/WEB-INF/classes/juddiv3.properties
ene 16, 2014 5:01:55 PM org.apache.cxf.phase.PhaseInterceptorChain doDefaultLogging
Advertencia: Application {urn:uddi-org:v3_service}UDDISecurityService#{urn:uddi-org:v3_service}get_authToken has thrown exception, unwinding now
org.apache.cxf.interceptor.Fault: A connection could not be obtained for driver class "null" and URL "null".  You may have specified an invalid URL.
	at org.apache.cxf.service.invoker.AbstractInvoker.createFault(AbstractInvoker.java:155)
	at org.apache.cxf.jaxws.AbstractJAXWSMethodInvoker.createFault(AbstractJAXWSMethodInvoker.java:86)
	at org.apache.cxf.service.invoker.AbstractInvoker.invoke(AbstractInvoker.java:121)
	at org.apache.cxf.jaxws.JAXWSMethodInvoker.invoke(JAXWSMethodInvoker.java:60)
	at org.apache.cxf.service.invoker.AbstractInvoker.invoke(AbstractInvoker.java:75)
	at org.apache.cxf.interceptor.ServiceInvokerInterceptor$1.run(ServiceInvokerInterceptor.java:58)
	at java.util.concurrent.Executors$RunnableAdapter.call(Executors.java:471)
	at java.util.concurrent.FutureTask.run(FutureTask.java:262)
	at org.apache.cxf.workqueue.SynchronousExecutor.execute(SynchronousExecutor.java:37)
	at org.apache.cxf.interceptor.ServiceInvokerInterceptor.handleMessage(ServiceInvokerInterceptor.java:106)
	at org.apache.cxf.phase.PhaseInterceptorChain.doIntercept(PhaseInterceptorChain.java:255)
	at org.apache.cxf.transport.ChainInitiationObserver.onMessage(ChainInitiationObserver.java:113)
	at org.apache.cxf.transport.servlet.ServletDestination.invoke(ServletDestination.java:97)
	at org.apache.cxf.transport.servlet.ServletController.invokeDestination(ServletController.java:461)
	at org.apache.cxf.transport.servlet.ServletController.invoke(ServletController.java:188)
	at org.apache.cxf.transport.servlet.AbstractCXFServlet.invoke(AbstractCXFServlet.java:148)
	at org.apache.cxf.transport.servlet.AbstractHTTPServlet.handleRequest(AbstractHTTPServlet.java:179)
	at org.apache.cxf.transport.servlet.AbstractHTTPServlet.doPost(AbstractHTTPServlet.java:103)
	at javax.servlet.http.HttpServlet.service(HttpServlet.java:637)
	at org.apache.cxf.transport.servlet.AbstractHTTPServlet.service(AbstractHTTPServlet.java:159)
	at org.apache.catalina.core.ApplicationFilterChain.internalDoFilter(ApplicationFilterChain.java:290)
	at org.apache.catalina.core.ApplicationFilterChain.doFilter(ApplicationFilterChain.java:206)
	at org.apache.catalina.core.StandardWrapperValve.invoke(StandardWrapperValve.java:233)
	at org.apache.catalina.core.StandardContextValve.invoke(StandardContextValve.java:191)
	at org.apache.catalina.core.StandardHostValve.invoke(StandardHostValve.java:127)
	at org.apache.catalina.valves.ErrorReportValve.invoke(ErrorReportValve.java:102)
	at org.apache.catalina.authenticator.SingleSignOn.invoke(SingleSignOn.java:394)
	at org.apache.catalina.core.StandardEngineValve.invoke(StandardEngineValve.java:109)
	at org.apache.catalina.connector.CoyoteAdapter.service(CoyoteAdapter.java:298)
	at org.apache.coyote.http11.Http11Processor.process(Http11Processor.java:852)
	at org.apache.coyote.http11.Http11Protocol$Http11ConnectionHandler.process(Http11Protocol.java:588)
	at org.apache.tomcat.util.net.JIoEndpoint$Worker.run(JIoEndpoint.java:489)
	at java.lang.Thread.run(Thread.java:744)
Caused by: <openjpa-2.2.1-r422266:1396819 fatal user error> org.apache.openjpa.persistence.ArgumentException: A connection could not be obtained for driver class "null" and URL "null".  You may have specified an invalid URL.
	at org.apache.openjpa.jdbc.schema.DataSourceFactory.newConnectException(DataSourceFactory.java:255)
	at org.apache.openjpa.jdbc.schema.DataSourceFactory.installDBDictionary(DataSourceFactory.java:241)
	at org.apache.openjpa.jdbc.conf.JDBCConfigurationImpl.getConnectionFactory(JDBCConfigurationImpl.java:733)
	at org.apache.openjpa.jdbc.conf.JDBCConfigurationImpl.getDataSource(JDBCConfigurationImpl.java:872)
	at org.apache.openjpa.jdbc.conf.JDBCConfigurationImpl.getDataSource2(JDBCConfigurationImpl.java:914)
	at org.apache.openjpa.jdbc.schema.SchemaTool.<init>(SchemaTool.java:132)
	at org.apache.openjpa.jdbc.meta.MappingTool.newSchemaTool(MappingTool.java:312)
	at org.apache.openjpa.jdbc.meta.MappingTool.record(MappingTool.java:493)
	at org.apache.openjpa.jdbc.meta.MappingTool.record(MappingTool.java:455)
	at org.apache.openjpa.jdbc.kernel.JDBCBrokerFactory.synchronizeMappings(JDBCBrokerFactory.java:160)
	at org.apache.openjpa.jdbc.kernel.JDBCBrokerFactory.synchronizeMappings(JDBCBrokerFactory.java:164)
	at org.apache.openjpa.jdbc.kernel.JDBCBrokerFactory.newBrokerImpl(JDBCBrokerFactory.java:122)
	at org.apache.openjpa.kernel.AbstractBrokerFactory.newBroker(AbstractBrokerFactory.java:209)
	at org.apache.openjpa.kernel.DelegatingBrokerFactory.newBroker(DelegatingBrokerFactory.java:156)
	at org.apache.openjpa.persistence.EntityManagerFactoryImpl.createEntityManager(EntityManagerFactoryImpl.java:227)
	at org.apache.openjpa.persistence.EntityManagerFactoryImpl.createEntityManager(EntityManagerFactoryImpl.java:154)
	at org.apache.openjpa.persistence.EntityManagerFactoryImpl.createEntityManager(EntityManagerFactoryImpl.java:60)
	at org.apache.juddi.config.PersistenceManager.getEntityManager(PersistenceManager.java:48)
	at org.apache.juddi.config.AppConfig.getPersistentConfiguration(AppConfig.java:122)
	at org.apache.juddi.config.AppConfig.loadConfiguration(AppConfig.java:108)
	at org.apache.juddi.config.AppConfig.<init>(AppConfig.java:63)
	at org.apache.juddi.config.AppConfig.getInstance(AppConfig.java:196)
	at org.apache.juddi.config.AppConfig.getConfiguration(AppConfig.java:218)
	at org.apache.juddi.v3.auth.AuthenticatorFactory.createAuthenticator(AuthenticatorFactory.java:65)
	at org.apache.juddi.v3.auth.AuthenticatorFactory.getAuthenticator(AuthenticatorFactory.java:49)
	at org.apache.juddi.api.impl.UDDISecurityImpl.getAuthToken(UDDISecurityImpl.java:99)
	at sun.reflect.NativeMethodAccessorImpl.invoke0(Native Method)
	at sun.reflect.NativeMethodAccessorImpl.invoke(NativeMethodAccessorImpl.java:57)
	at sun.reflect.DelegatingMethodAccessorImpl.invoke(DelegatingMethodAccessorImpl.java:43)
	at java.lang.reflect.Method.invoke(Method.java:606)
	at org.apache.cxf.service.invoker.AbstractInvoker.performInvocation(AbstractInvoker.java:173)
	at org.apache.cxf.service.invoker.AbstractInvoker.invoke(AbstractInvoker.java:89)
	... 30 more
Caused by: org.apache.tomcat.dbcp.dbcp.SQLNestedException: Cannot create PoolableConnectionFactory (Failed to create database 'target/juddi-derby-test-db', see the next exception for details.)
	at org.apache.tomcat.dbcp.dbcp.BasicDataSource.createDataSource(BasicDataSource.java:1225)
	at org.apache.tomcat.dbcp.dbcp.BasicDataSource.getConnection(BasicDataSource.java:880)
	at org.apache.openjpa.lib.jdbc.DelegatingDataSource.getConnection(DelegatingDataSource.java:116)
	at org.apache.openjpa.lib.jdbc.DecoratingDataSource.getConnection(DecoratingDataSource.java:93)
	at org.apache.openjpa.jdbc.schema.DataSourceFactory.installDBDictionary(DataSourceFactory.java:233)
	... 60 more
Caused by: java.sql.SQLException: Failed to create database 'target/juddi-derby-test-db', see the next exception for details.
	at org.apache.derby.impl.jdbc.SQLExceptionFactory40.getSQLException(Unknown Source)
	at org.apache.derby.impl.jdbc.Util.newEmbedSQLException(Unknown Source)
	at org.apache.derby.impl.jdbc.Util.seeNextException(Unknown Source)
	at org.apache.derby.impl.jdbc.EmbedConnection.createDatabase(Unknown Source)
	at org.apache.derby.impl.jdbc.EmbedConnection.<init>(Unknown Source)
	at org.apache.derby.impl.jdbc.EmbedConnection30.<init>(Unknown Source)
	at org.apache.derby.impl.jdbc.EmbedConnection40.<init>(Unknown Source)
	at org.apache.derby.jdbc.Driver40.getNewEmbedConnection(Unknown Source)
	at org.apache.derby.jdbc.InternalDriver.connect(Unknown Source)
	at org.apache.derby.jdbc.AutoloadedDriver.connect(Unknown Source)
	at org.apache.tomcat.dbcp.dbcp.DriverConnectionFactory.createConnection(DriverConnectionFactory.java:38)
	at org.apache.tomcat.dbcp.dbcp.PoolableConnectionFactory.makeObject(PoolableConnectionFactory.java:294)
	at org.apache.tomcat.dbcp.dbcp.BasicDataSource.validateConnectionFactory(BasicDataSource.java:1247)
	at org.apache.tomcat.dbcp.dbcp.BasicDataSource.createDataSource(BasicDataSource.java:1221)
	... 64 more
Caused by: java.sql.SQLException: Failed to create database 'target/juddi-derby-test-db', see the next exception for details.
	at org.apache.derby.impl.jdbc.SQLExceptionFactory.getSQLException(Unknown Source)
	at org.apache.derby.impl.jdbc.SQLExceptionFactory40.wrapArgsForTransportAcrossDRDA(Unknown Source)
	... 78 more
Caused by: java.sql.SQLException: Directory C:\Users\fawques\Documents\SOR\libSOR\lib\juddi-distro-3.1.5\juddi-tomcat-3.1.5\bin\target\juddi-derby-test-db already exists.
	at org.apache.derby.impl.jdbc.SQLExceptionFactory.getSQLException(Unknown Source)
	at org.apache.derby.impl.jdbc.SQLExceptionFactory40.wrapArgsForTransportAcrossDRDA(Unknown Source)
	at org.apache.derby.impl.jdbc.SQLExceptionFactory40.getSQLException(Unknown Source)
	at org.apache.derby.impl.jdbc.Util.generateCsSQLException(Unknown Source)
	at org.apache.derby.impl.jdbc.TransactionResourceImpl.wrapInSQLException(Unknown Source)
	at org.apache.derby.impl.jdbc.TransactionResourceImpl.handleException(Unknown Source)
	at org.apache.derby.impl.jdbc.EmbedConnection.handleException(Unknown Source)
	... 75 more
Caused by: ERROR XBM0J: Directory C:\Users\fawques\Documents\SOR\libSOR\lib\juddi-distro-3.1.5\juddi-tomcat-3.1.5\bin\target\juddi-derby-test-db already exists.
	at org.apache.derby.iapi.error.StandardException.newException(Unknown Source)
	at org.apache.derby.impl.services.monitor.StorageFactoryService$9.run(Unknown Source)
	at java.security.AccessController.doPrivileged(Native Method)
	at org.apache.derby.impl.services.monitor.StorageFactoryService.createServiceRoot(Unknown Source)
	at org.apache.derby.impl.services.monitor.BaseMonitor.bootService(Unknown Source)
	at org.apache.derby.impl.services.monitor.BaseMonitor.createPersistentService(Unknown Source)
	at org.apache.derby.iapi.services.monitor.Monitor.createPersistentService(Unknown Source)
	... 75 more

ene 16, 2014 5:02:44 PM org.apache.catalina.core.AprLifecycleListener init
Información: La biblioteca nativa de Apache Tomcat basada en ARP que permite un rendimiento óptimo en entornos de desarrollo no ha sido hallada en java.library.path: C:\Program Files\Java\jdk1.7.0_45\bin;C:\WINDOWS\Sun\Java\bin;C:\WINDOWS\system32;C:\WINDOWS;C:\Program Files (x86)\NVIDIA Corporation\PhysX\Common;C:\WINDOWS\system32;C:\WINDOWS;C:\WINDOWS\System32\Wbem;C:\WINDOWS\System32\WindowsPowerShell\v1.0\;C:\Program Files (x86)\Windows Kits\8.1\Windows Performance Toolkit\;C:\Program Files\Microsoft SQL Server\110\Tools\Binn\;C:\Program Files (x86)\MySQL\MySQL Utilities 1.3.4\;.
ene 16, 2014 5:02:44 PM org.apache.coyote.http11.Http11Protocol init
Información: Inicializando Coyote HTTP/1.1 en puerto http-8081
ene 16, 2014 5:02:44 PM org.apache.catalina.startup.Catalina load
Información: Initialization processed in 525 ms
ene 16, 2014 5:02:44 PM org.apache.catalina.core.StandardService start
Información: Arrancando servicio Catalina
ene 16, 2014 5:02:44 PM org.apache.catalina.core.StandardEngine start
Información: Starting Servlet Engine: Apache Tomcat/6.0.26
ene 16, 2014 5:02:44 PM org.apache.catalina.startup.HostConfig deployDescriptor
Información: Desplieque del descriptor de configuración host-manager.xml
ene 16, 2014 5:02:44 PM org.apache.catalina.startup.HostConfig deployDescriptor
Información: Desplieque del descriptor de configuración juddiv3.xml
ene 16, 2014 5:02:45 PM org.springframework.web.context.ContextLoader initWebApplicationContext
Información: Root WebApplicationContext: initialization started
ene 16, 2014 5:02:45 PM org.springframework.context.support.AbstractApplicationContext prepareRefresh
Información: Refreshing Root WebApplicationContext: startup date [Thu Jan 16 17:02:45 CET 2014]; root of context hierarchy
ene 16, 2014 5:02:45 PM org.springframework.beans.factory.xml.XmlBeanDefinitionReader loadBeanDefinitions
Información: Loading XML bean definitions from ServletContext resource [/WEB-INF/beans.xml]
ene 16, 2014 5:02:45 PM org.springframework.beans.factory.xml.XmlBeanDefinitionReader loadBeanDefinitions
Información: Loading XML bean definitions from class path resource [META-INF/cxf/cxf.xml]
ene 16, 2014 5:02:45 PM org.springframework.beans.factory.xml.XmlBeanDefinitionReader loadBeanDefinitions
Información: Loading XML bean definitions from class path resource [META-INF/cxf/cxf-extension-soap.xml]
ene 16, 2014 5:02:45 PM org.springframework.beans.factory.xml.XmlBeanDefinitionReader loadBeanDefinitions
Información: Loading XML bean definitions from class path resource [META-INF/cxf/cxf-servlet.xml]
ene 16, 2014 5:02:45 PM org.springframework.beans.factory.xml.XmlBeanDefinitionReader loadBeanDefinitions
Información: Loading XML bean definitions from class path resource [META-INF/cxf/cxf-extension-http.xml]
ene 16, 2014 5:02:45 PM org.apache.juddi.api.impl.UDDIServiceCounter getServer
Información: Found MBean server
ene 16, 2014 5:02:45 PM org.apache.juddi.api.impl.UDDIServiceCounter getServer
Información: Found MBean server
ene 16, 2014 5:02:45 PM org.apache.juddi.api.impl.UDDIServiceCounter getServer
Información: Found MBean server
ene 16, 2014 5:02:45 PM org.apache.juddi.api.impl.UDDIServiceCounter getServer
Información: Found MBean server
ene 16, 2014 5:02:45 PM org.apache.juddi.api.impl.UDDIServiceCounter getServer
Información: Found MBean server
ene 16, 2014 5:02:45 PM org.springframework.beans.factory.support.DefaultListableBeanFactory preInstantiateSingletons
Información: Pre-instantiating singletons in org.springframework.beans.factory.support.DefaultListableBeanFactory@59a7cd99: defining beans [cxf,org.apache.cxf.bus.spring.BusApplicationListener,org.apache.cxf.bus.spring.BusWiringBeanFactoryPostProcessor,org.apache.cxf.bus.spring.Jsr250BeanPostProcessor,org.apache.cxf.bus.spring.BusExtensionPostProcessor,org.apache.cxf.resource.ResourceManager,org.apache.cxf.configuration.Configurer,org.apache.cxf.binding.BindingFactoryManager,org.apache.cxf.transport.DestinationFactoryManager,org.apache.cxf.transport.ConduitInitiatorManager,org.apache.cxf.wsdl.WSDLManager,org.apache.cxf.phase.PhaseManager,org.apache.cxf.workqueue.WorkQueueManager,org.apache.cxf.buslifecycle.BusLifeCycleManager,org.apache.cxf.endpoint.ServerRegistry,org.apache.cxf.endpoint.ServerLifeCycleManager,org.apache.cxf.endpoint.ClientLifeCycleManager,org.apache.cxf.transports.http.QueryHandlerRegistry,org.apache.cxf.endpoint.EndpointResolverRegistry,org.apache.cxf.headers.HeaderManager,org.apache.cxf.catalog.OASISCatalogManager,org.apache.cxf.service.factory.FactoryBeanListenerManager,org.apache.cxf.endpoint.ServiceContractResolverRegistry,org.apache.cxf.binding.soap.SoapBindingFactory,org.apache.cxf.binding.soap.SoapTransportFactory,org.apache.cxf.binding.soap.customEditorConfigurer,org.apache.cxf.transport.http.policy.HTTPClientAssertionBuilder,org.apache.cxf.transport.http.policy.HTTPServerAssertionBuilder,org.apache.cxf.transport.http.policy.NoOpPolicyInterceptorProvider,org.apache.cxf.transport.http.ClientOnlyHTTPTransportFactory,org.apache.cxf.transport.servlet.ServletTransportFactory,inquiry,publish,security,subscription,subscription-listener,custody-transfer,juddi-api]; root of factory hierarchy
ene 16, 2014 5:02:46 PM org.apache.cxf.service.factory.ReflectionServiceFactoryBean buildServiceFromClass
Información: Creating Service {urn:uddi-org:v3_service}UDDIInquiryService from class org.uddi.v3_service.UDDIInquiryPortType
ene 16, 2014 5:02:47 PM org.apache.cxf.endpoint.ServerImpl initDestination
Información: Setting the server's publish address to be /inquiry
ene 16, 2014 5:02:48 PM org.apache.cxf.service.factory.ReflectionServiceFactoryBean buildServiceFromClass
Información: Creating Service {urn:uddi-org:v3_service}UDDIPublicationService from class org.uddi.v3_service.UDDIPublicationPortType
ene 16, 2014 5:02:48 PM org.apache.cxf.endpoint.ServerImpl initDestination
Información: Setting the server's publish address to be /publish
ene 16, 2014 5:02:48 PM org.apache.cxf.service.factory.ReflectionServiceFactoryBean buildServiceFromClass
Información: Creating Service {urn:uddi-org:v3_service}UDDISecurityService from class org.uddi.v3_service.UDDISecurityPortType
ene 16, 2014 5:02:49 PM org.apache.cxf.endpoint.ServerImpl initDestination
Información: Setting the server's publish address to be /security
ene 16, 2014 5:02:49 PM org.apache.cxf.service.factory.ReflectionServiceFactoryBean buildServiceFromClass
Información: Creating Service {urn:uddi-org:v3_service}UDDISubscriptionService from class org.uddi.v3_service.UDDISubscriptionPortType
ene 16, 2014 5:02:49 PM org.apache.cxf.endpoint.ServerImpl initDestination
Información: Setting the server's publish address to be /subscription
ene 16, 2014 5:02:49 PM org.apache.cxf.service.factory.ReflectionServiceFactoryBean buildServiceFromClass
Información: Creating Service {urn:uddi-org:v3_service}UDDISubscriptionListenerService from class org.uddi.v3_service.UDDISubscriptionListenerPortType
ene 16, 2014 5:02:49 PM org.apache.cxf.endpoint.ServerImpl initDestination
Información: Setting the server's publish address to be /subscription-listener
ene 16, 2014 5:02:49 PM org.apache.cxf.service.factory.ReflectionServiceFactoryBean buildServiceFromClass
Información: Creating Service {urn:uddi-org:v3_service}UDDICustodyTransferService from class org.uddi.v3_service.UDDICustodyTransferPortType
ene 16, 2014 5:02:50 PM org.apache.cxf.endpoint.ServerImpl initDestination
Información: Setting the server's publish address to be /custody-transfer
ene 16, 2014 5:02:50 PM org.apache.cxf.service.factory.ReflectionServiceFactoryBean buildServiceFromClass
Información: Creating Service {urn:juddi-apache-org:v3_service}JUDDIApiService from class org.apache.juddi.v3_service.JUDDIApiPortType
ene 16, 2014 5:02:50 PM org.apache.cxf.endpoint.ServerImpl initDestination
Información: Setting the server's publish address to be /juddi-api
ene 16, 2014 5:02:50 PM org.springframework.web.context.ContextLoader initWebApplicationContext
Información: Root WebApplicationContext: initialization completed in 5257 ms
ene 16, 2014 5:02:50 PM org.apache.juddi.Registry start
Información: Starting jUDDI registry...
ene 16, 2014 5:02:50 PM org.apache.juddi.config.AppConfig loadConfiguration
Información: Reading from properties file:  file:/C:/Users/fawques/Documents/SOR/libSOR/lib/juddi-distro-3.1.5/juddi-tomcat-3.1.5/webapps/juddiv3/WEB-INF/classes/juddiv3.properties
ene 16, 2014 5:02:51 PM org.apache.cxf.transport.servlet.CXFServlet updateContext
Información: Load the bus with application context
ene 16, 2014 5:02:51 PM org.springframework.context.support.AbstractApplicationContext prepareRefresh
Información: Refreshing org.apache.cxf.bus.spring.BusApplicationContext@41ee863: startup date [Thu Jan 16 17:02:51 CET 2014]; parent: Root WebApplicationContext
ene 16, 2014 5:02:52 PM org.springframework.beans.factory.support.DefaultListableBeanFactory preInstantiateSingletons
Información: Pre-instantiating singletons in org.springframework.beans.factory.support.DefaultListableBeanFactory@4d3b6cf3: defining beans []; parent: org.springframework.beans.factory.support.DefaultListableBeanFactory@59a7cd99
ene 16, 2014 5:02:52 PM org.apache.cxf.transport.servlet.AbstractCXFServlet replaceDestinationFactory
Información: Servlet transport factory already registered 
ene 16, 2014 5:02:52 PM org.apache.catalina.startup.HostConfig deployDescriptor
Información: Desplieque del descriptor de configuración manager.xml
ene 16, 2014 5:02:52 PM org.apache.catalina.startup.HostConfig deployDirectory
Información: Despliegue del directorio docs de la aplicación web
ene 16, 2014 5:02:52 PM org.apache.catalina.startup.HostConfig deployDirectory
Información: Despliegue del directorio examples de la aplicación web
ene 16, 2014 5:02:52 PM org.apache.catalina.startup.HostConfig deployDirectory
Información: Despliegue del directorio ROOT de la aplicación web
ene 16, 2014 5:02:52 PM org.apache.coyote.http11.Http11Protocol start
Información: Arrancando Coyote HTTP/1.1 en puerto http-8081
ene 16, 2014 5:02:52 PM org.apache.jk.common.ChannelSocket init
Información: JK: ajp13 listening on /0.0.0.0:8009
ene 16, 2014 5:02:52 PM org.apache.jk.server.JkMain start
Información: Jk running ID=0 time=0/15  config=null
ene 16, 2014 5:02:52 PM org.apache.catalina.startup.Catalina start
Información: Server startup in 8562 ms
ene 16, 2014 5:03:01 PM org.apache.juddi.config.AppConfig loadConfiguration
Información: Reading from properties file:  file:/C:/Users/fawques/Documents/SOR/libSOR/lib/juddi-distro-3.1.5/juddi-tomcat-3.1.5/webapps/juddiv3/WEB-INF/classes/juddiv3.properties
ene 16, 2014 5:03:03 PM org.apache.cxf.phase.PhaseInterceptorChain doDefaultLogging
Advertencia: Application {urn:uddi-org:v3_service}UDDISecurityService#{urn:uddi-org:v3_service}get_authToken has thrown exception, unwinding now
org.apache.cxf.interceptor.Fault: A connection could not be obtained for driver class "null" and URL "null".  You may have specified an invalid URL.
	at org.apache.cxf.service.invoker.AbstractInvoker.createFault(AbstractInvoker.java:155)
	at org.apache.cxf.jaxws.AbstractJAXWSMethodInvoker.createFault(AbstractJAXWSMethodInvoker.java:86)
	at org.apache.cxf.service.invoker.AbstractInvoker.invoke(AbstractInvoker.java:121)
	at org.apache.cxf.jaxws.JAXWSMethodInvoker.invoke(JAXWSMethodInvoker.java:60)
	at org.apache.cxf.service.invoker.AbstractInvoker.invoke(AbstractInvoker.java:75)
	at org.apache.cxf.interceptor.ServiceInvokerInterceptor$1.run(ServiceInvokerInterceptor.java:58)
	at java.util.concurrent.Executors$RunnableAdapter.call(Executors.java:471)
	at java.util.concurrent.FutureTask.run(FutureTask.java:262)
	at org.apache.cxf.workqueue.SynchronousExecutor.execute(SynchronousExecutor.java:37)
	at org.apache.cxf.interceptor.ServiceInvokerInterceptor.handleMessage(ServiceInvokerInterceptor.java:106)
	at org.apache.cxf.phase.PhaseInterceptorChain.doIntercept(PhaseInterceptorChain.java:255)
	at org.apache.cxf.transport.ChainInitiationObserver.onMessage(ChainInitiationObserver.java:113)
	at org.apache.cxf.transport.servlet.ServletDestination.invoke(ServletDestination.java:97)
	at org.apache.cxf.transport.servlet.ServletController.invokeDestination(ServletController.java:461)
	at org.apache.cxf.transport.servlet.ServletController.invoke(ServletController.java:188)
	at org.apache.cxf.transport.servlet.AbstractCXFServlet.invoke(AbstractCXFServlet.java:148)
	at org.apache.cxf.transport.servlet.AbstractHTTPServlet.handleRequest(AbstractHTTPServlet.java:179)
	at org.apache.cxf.transport.servlet.AbstractHTTPServlet.doPost(AbstractHTTPServlet.java:103)
	at javax.servlet.http.HttpServlet.service(HttpServlet.java:637)
	at org.apache.cxf.transport.servlet.AbstractHTTPServlet.service(AbstractHTTPServlet.java:159)
	at org.apache.catalina.core.ApplicationFilterChain.internalDoFilter(ApplicationFilterChain.java:290)
	at org.apache.catalina.core.ApplicationFilterChain.doFilter(ApplicationFilterChain.java:206)
	at org.apache.catalina.core.StandardWrapperValve.invoke(StandardWrapperValve.java:233)
	at org.apache.catalina.core.StandardContextValve.invoke(StandardContextValve.java:191)
	at org.apache.catalina.core.StandardHostValve.invoke(StandardHostValve.java:127)
	at org.apache.catalina.valves.ErrorReportValve.invoke(ErrorReportValve.java:102)
	at org.apache.catalina.authenticator.SingleSignOn.invoke(SingleSignOn.java:394)
	at org.apache.catalina.core.StandardEngineValve.invoke(StandardEngineValve.java:109)
	at org.apache.catalina.connector.CoyoteAdapter.service(CoyoteAdapter.java:298)
	at org.apache.coyote.http11.Http11Processor.process(Http11Processor.java:852)
	at org.apache.coyote.http11.Http11Protocol$Http11ConnectionHandler.process(Http11Protocol.java:588)
	at org.apache.tomcat.util.net.JIoEndpoint$Worker.run(JIoEndpoint.java:489)
	at java.lang.Thread.run(Thread.java:744)
Caused by: <openjpa-2.2.1-r422266:1396819 fatal user error> org.apache.openjpa.persistence.ArgumentException: A connection could not be obtained for driver class "null" and URL "null".  You may have specified an invalid URL.
	at org.apache.openjpa.jdbc.schema.DataSourceFactory.newConnectException(DataSourceFactory.java:255)
	at org.apache.openjpa.jdbc.schema.DataSourceFactory.installDBDictionary(DataSourceFactory.java:241)
	at org.apache.openjpa.jdbc.conf.JDBCConfigurationImpl.getConnectionFactory(JDBCConfigurationImpl.java:733)
	at org.apache.openjpa.jdbc.conf.JDBCConfigurationImpl.getDataSource(JDBCConfigurationImpl.java:872)
	at org.apache.openjpa.jdbc.conf.JDBCConfigurationImpl.getDataSource2(JDBCConfigurationImpl.java:914)
	at org.apache.openjpa.jdbc.schema.SchemaTool.<init>(SchemaTool.java:132)
	at org.apache.openjpa.jdbc.meta.MappingTool.newSchemaTool(MappingTool.java:312)
	at org.apache.openjpa.jdbc.meta.MappingTool.record(MappingTool.java:493)
	at org.apache.openjpa.jdbc.meta.MappingTool.record(MappingTool.java:455)
	at org.apache.openjpa.jdbc.kernel.JDBCBrokerFactory.synchronizeMappings(JDBCBrokerFactory.java:160)
	at org.apache.openjpa.jdbc.kernel.JDBCBrokerFactory.synchronizeMappings(JDBCBrokerFactory.java:164)
	at org.apache.openjpa.jdbc.kernel.JDBCBrokerFactory.newBrokerImpl(JDBCBrokerFactory.java:122)
	at org.apache.openjpa.kernel.AbstractBrokerFactory.newBroker(AbstractBrokerFactory.java:209)
	at org.apache.openjpa.kernel.DelegatingBrokerFactory.newBroker(DelegatingBrokerFactory.java:156)
	at org.apache.openjpa.persistence.EntityManagerFactoryImpl.createEntityManager(EntityManagerFactoryImpl.java:227)
	at org.apache.openjpa.persistence.EntityManagerFactoryImpl.createEntityManager(EntityManagerFactoryImpl.java:154)
	at org.apache.openjpa.persistence.EntityManagerFactoryImpl.createEntityManager(EntityManagerFactoryImpl.java:60)
	at org.apache.juddi.config.PersistenceManager.getEntityManager(PersistenceManager.java:48)
	at org.apache.juddi.config.AppConfig.getPersistentConfiguration(AppConfig.java:122)
	at org.apache.juddi.config.AppConfig.loadConfiguration(AppConfig.java:108)
	at org.apache.juddi.config.AppConfig.<init>(AppConfig.java:63)
	at org.apache.juddi.config.AppConfig.getInstance(AppConfig.java:196)
	at org.apache.juddi.config.AppConfig.getConfiguration(AppConfig.java:218)
	at org.apache.juddi.v3.auth.AuthenticatorFactory.createAuthenticator(AuthenticatorFactory.java:65)
	at org.apache.juddi.v3.auth.AuthenticatorFactory.getAuthenticator(AuthenticatorFactory.java:49)
	at org.apache.juddi.api.impl.UDDISecurityImpl.getAuthToken(UDDISecurityImpl.java:99)
	at sun.reflect.NativeMethodAccessorImpl.invoke0(Native Method)
	at sun.reflect.NativeMethodAccessorImpl.invoke(NativeMethodAccessorImpl.java:57)
	at sun.reflect.DelegatingMethodAccessorImpl.invoke(DelegatingMethodAccessorImpl.java:43)
	at java.lang.reflect.Method.invoke(Method.java:606)
	at org.apache.cxf.service.invoker.AbstractInvoker.performInvocation(AbstractInvoker.java:173)
	at org.apache.cxf.service.invoker.AbstractInvoker.invoke(AbstractInvoker.java:89)
	... 30 more
Caused by: org.apache.tomcat.dbcp.dbcp.SQLNestedException: Cannot create PoolableConnectionFactory (Failed to create database 'target/juddi-derby-test-db', see the next exception for details.)
	at org.apache.tomcat.dbcp.dbcp.BasicDataSource.createDataSource(BasicDataSource.java:1225)
	at org.apache.tomcat.dbcp.dbcp.BasicDataSource.getConnection(BasicDataSource.java:880)
	at org.apache.openjpa.lib.jdbc.DelegatingDataSource.getConnection(DelegatingDataSource.java:116)
	at org.apache.openjpa.lib.jdbc.DecoratingDataSource.getConnection(DecoratingDataSource.java:93)
	at org.apache.openjpa.jdbc.schema.DataSourceFactory.installDBDictionary(DataSourceFactory.java:233)
	... 60 more
Caused by: java.sql.SQLException: Failed to create database 'target/juddi-derby-test-db', see the next exception for details.
	at org.apache.derby.impl.jdbc.SQLExceptionFactory40.getSQLException(Unknown Source)
	at org.apache.derby.impl.jdbc.Util.newEmbedSQLException(Unknown Source)
	at org.apache.derby.impl.jdbc.Util.seeNextException(Unknown Source)
	at org.apache.derby.impl.jdbc.EmbedConnection.createDatabase(Unknown Source)
	at org.apache.derby.impl.jdbc.EmbedConnection.<init>(Unknown Source)
	at org.apache.derby.impl.jdbc.EmbedConnection30.<init>(Unknown Source)
	at org.apache.derby.impl.jdbc.EmbedConnection40.<init>(Unknown Source)
	at org.apache.derby.jdbc.Driver40.getNewEmbedConnection(Unknown Source)
	at org.apache.derby.jdbc.InternalDriver.connect(Unknown Source)
	at org.apache.derby.jdbc.AutoloadedDriver.connect(Unknown Source)
	at org.apache.tomcat.dbcp.dbcp.DriverConnectionFactory.createConnection(DriverConnectionFactory.java:38)
	at org.apache.tomcat.dbcp.dbcp.PoolableConnectionFactory.makeObject(PoolableConnectionFactory.java:294)
	at org.apache.tomcat.dbcp.dbcp.BasicDataSource.validateConnectionFactory(BasicDataSource.java:1247)
	at org.apache.tomcat.dbcp.dbcp.BasicDataSource.createDataSource(BasicDataSource.java:1221)
	... 64 more
Caused by: java.sql.SQLException: Failed to create database 'target/juddi-derby-test-db', see the next exception for details.
	at org.apache.derby.impl.jdbc.SQLExceptionFactory.getSQLException(Unknown Source)
	at org.apache.derby.impl.jdbc.SQLExceptionFactory40.wrapArgsForTransportAcrossDRDA(Unknown Source)
	... 78 more
Caused by: java.sql.SQLException: Directory C:\Users\fawques\Documents\SOR\libSOR\lib\juddi-distro-3.1.5\juddi-tomcat-3.1.5\bin\target\juddi-derby-test-db already exists.
	at org.apache.derby.impl.jdbc.SQLExceptionFactory.getSQLException(Unknown Source)
	at org.apache.derby.impl.jdbc.SQLExceptionFactory40.wrapArgsForTransportAcrossDRDA(Unknown Source)
	at org.apache.derby.impl.jdbc.SQLExceptionFactory40.getSQLException(Unknown Source)
	at org.apache.derby.impl.jdbc.Util.generateCsSQLException(Unknown Source)
	at org.apache.derby.impl.jdbc.TransactionResourceImpl.wrapInSQLException(Unknown Source)
	at org.apache.derby.impl.jdbc.TransactionResourceImpl.handleException(Unknown Source)
	at org.apache.derby.impl.jdbc.EmbedConnection.handleException(Unknown Source)
	... 75 more
Caused by: ERROR XBM0J: Directory C:\Users\fawques\Documents\SOR\libSOR\lib\juddi-distro-3.1.5\juddi-tomcat-3.1.5\bin\target\juddi-derby-test-db already exists.
	at org.apache.derby.iapi.error.StandardException.newException(Unknown Source)
	at org.apache.derby.impl.services.monitor.StorageFactoryService$9.run(Unknown Source)
	at java.security.AccessController.doPrivileged(Native Method)
	at org.apache.derby.impl.services.monitor.StorageFactoryService.createServiceRoot(Unknown Source)
	at org.apache.derby.impl.services.monitor.BaseMonitor.bootService(Unknown Source)
	at org.apache.derby.impl.services.monitor.BaseMonitor.createPersistentService(Unknown Source)
	at org.apache.derby.iapi.services.monitor.Monitor.createPersistentService(Unknown Source)
	... 75 more

ene 16, 2014 5:03:36 PM org.apache.catalina.core.AprLifecycleListener init
Información: La biblioteca nativa de Apache Tomcat basada en ARP que permite un rendimiento óptimo en entornos de desarrollo no ha sido hallada en java.library.path: C:\Program Files\Java\jdk1.7.0_45\bin;C:\WINDOWS\Sun\Java\bin;C:\WINDOWS\system32;C:\WINDOWS;C:\Program Files (x86)\NVIDIA Corporation\PhysX\Common;C:\WINDOWS\system32;C:\WINDOWS;C:\WINDOWS\System32\Wbem;C:\WINDOWS\System32\WindowsPowerShell\v1.0\;C:\Program Files (x86)\Windows Kits\8.1\Windows Performance Toolkit\;C:\Program Files\Microsoft SQL Server\110\Tools\Binn\;C:\Program Files (x86)\MySQL\MySQL Utilities 1.3.4\;.
ene 16, 2014 5:03:36 PM org.apache.coyote.http11.Http11Protocol init
Información: Inicializando Coyote HTTP/1.1 en puerto http-8081
ene 16, 2014 5:03:36 PM org.apache.catalina.startup.Catalina load
Información: Initialization processed in 454 ms
ene 16, 2014 5:03:36 PM org.apache.catalina.core.StandardService start
Información: Arrancando servicio Catalina
ene 16, 2014 5:03:36 PM org.apache.catalina.core.StandardEngine start
Información: Starting Servlet Engine: Apache Tomcat/6.0.26
ene 16, 2014 5:03:36 PM org.apache.catalina.startup.HostConfig deployDescriptor
Información: Desplieque del descriptor de configuración host-manager.xml
ene 16, 2014 5:03:36 PM org.apache.catalina.startup.HostConfig deployDescriptor
Información: Desplieque del descriptor de configuración juddiv3.xml
ene 16, 2014 5:03:37 PM org.springframework.web.context.ContextLoader initWebApplicationContext
Información: Root WebApplicationContext: initialization started
ene 16, 2014 5:03:37 PM org.springframework.context.support.AbstractApplicationContext prepareRefresh
Información: Refreshing Root WebApplicationContext: startup date [Thu Jan 16 17:03:37 CET 2014]; root of context hierarchy
ene 16, 2014 5:03:37 PM org.springframework.beans.factory.xml.XmlBeanDefinitionReader loadBeanDefinitions
Información: Loading XML bean definitions from ServletContext resource [/WEB-INF/beans.xml]
ene 16, 2014 5:03:37 PM org.springframework.beans.factory.xml.XmlBeanDefinitionReader loadBeanDefinitions
Información: Loading XML bean definitions from class path resource [META-INF/cxf/cxf.xml]
ene 16, 2014 5:03:37 PM org.springframework.beans.factory.xml.XmlBeanDefinitionReader loadBeanDefinitions
Información: Loading XML bean definitions from class path resource [META-INF/cxf/cxf-extension-soap.xml]
ene 16, 2014 5:03:37 PM org.springframework.beans.factory.xml.XmlBeanDefinitionReader loadBeanDefinitions
Información: Loading XML bean definitions from class path resource [META-INF/cxf/cxf-servlet.xml]
ene 16, 2014 5:03:37 PM org.springframework.beans.factory.xml.XmlBeanDefinitionReader loadBeanDefinitions
Información: Loading XML bean definitions from class path resource [META-INF/cxf/cxf-extension-http.xml]
ene 16, 2014 5:03:37 PM org.apache.juddi.api.impl.UDDIServiceCounter getServer
Información: Found MBean server
ene 16, 2014 5:03:37 PM org.apache.juddi.api.impl.UDDIServiceCounter getServer
Información: Found MBean server
ene 16, 2014 5:03:37 PM org.apache.juddi.api.impl.UDDIServiceCounter getServer
Información: Found MBean server
ene 16, 2014 5:03:37 PM org.apache.juddi.api.impl.UDDIServiceCounter getServer
Información: Found MBean server
ene 16, 2014 5:03:37 PM org.apache.juddi.api.impl.UDDIServiceCounter getServer
Información: Found MBean server
ene 16, 2014 5:03:38 PM org.springframework.beans.factory.support.DefaultListableBeanFactory preInstantiateSingletons
Información: Pre-instantiating singletons in org.springframework.beans.factory.support.DefaultListableBeanFactory@7666cba4: defining beans [cxf,org.apache.cxf.bus.spring.BusApplicationListener,org.apache.cxf.bus.spring.BusWiringBeanFactoryPostProcessor,org.apache.cxf.bus.spring.Jsr250BeanPostProcessor,org.apache.cxf.bus.spring.BusExtensionPostProcessor,org.apache.cxf.resource.ResourceManager,org.apache.cxf.configuration.Configurer,org.apache.cxf.binding.BindingFactoryManager,org.apache.cxf.transport.DestinationFactoryManager,org.apache.cxf.transport.ConduitInitiatorManager,org.apache.cxf.wsdl.WSDLManager,org.apache.cxf.phase.PhaseManager,org.apache.cxf.workqueue.WorkQueueManager,org.apache.cxf.buslifecycle.BusLifeCycleManager,org.apache.cxf.endpoint.ServerRegistry,org.apache.cxf.endpoint.ServerLifeCycleManager,org.apache.cxf.endpoint.ClientLifeCycleManager,org.apache.cxf.transports.http.QueryHandlerRegistry,org.apache.cxf.endpoint.EndpointResolverRegistry,org.apache.cxf.headers.HeaderManager,org.apache.cxf.catalog.OASISCatalogManager,org.apache.cxf.service.factory.FactoryBeanListenerManager,org.apache.cxf.endpoint.ServiceContractResolverRegistry,org.apache.cxf.binding.soap.SoapBindingFactory,org.apache.cxf.binding.soap.SoapTransportFactory,org.apache.cxf.binding.soap.customEditorConfigurer,org.apache.cxf.transport.http.policy.HTTPClientAssertionBuilder,org.apache.cxf.transport.http.policy.HTTPServerAssertionBuilder,org.apache.cxf.transport.http.policy.NoOpPolicyInterceptorProvider,org.apache.cxf.transport.http.ClientOnlyHTTPTransportFactory,org.apache.cxf.transport.servlet.ServletTransportFactory,inquiry,publish,security,subscription,subscription-listener,custody-transfer,juddi-api]; root of factory hierarchy
ene 16, 2014 5:03:38 PM org.apache.cxf.service.factory.ReflectionServiceFactoryBean buildServiceFromClass
Información: Creating Service {urn:uddi-org:v3_service}UDDIInquiryService from class org.uddi.v3_service.UDDIInquiryPortType
ene 16, 2014 5:03:40 PM org.apache.cxf.endpoint.ServerImpl initDestination
Información: Setting the server's publish address to be /inquiry
ene 16, 2014 5:03:40 PM org.apache.cxf.service.factory.ReflectionServiceFactoryBean buildServiceFromClass
Información: Creating Service {urn:uddi-org:v3_service}UDDIPublicationService from class org.uddi.v3_service.UDDIPublicationPortType
ene 16, 2014 5:03:41 PM org.apache.cxf.endpoint.ServerImpl initDestination
Información: Setting the server's publish address to be /publish
ene 16, 2014 5:03:41 PM org.apache.cxf.service.factory.ReflectionServiceFactoryBean buildServiceFromClass
Información: Creating Service {urn:uddi-org:v3_service}UDDISecurityService from class org.uddi.v3_service.UDDISecurityPortType
ene 16, 2014 5:03:41 PM org.apache.cxf.endpoint.ServerImpl initDestination
Información: Setting the server's publish address to be /security
ene 16, 2014 5:03:41 PM org.apache.cxf.service.factory.ReflectionServiceFactoryBean buildServiceFromClass
Información: Creating Service {urn:uddi-org:v3_service}UDDISubscriptionService from class org.uddi.v3_service.UDDISubscriptionPortType
ene 16, 2014 5:03:42 PM org.apache.cxf.endpoint.ServerImpl initDestination
Información: Setting the server's publish address to be /subscription
ene 16, 2014 5:03:42 PM org.apache.cxf.service.factory.ReflectionServiceFactoryBean buildServiceFromClass
Información: Creating Service {urn:uddi-org:v3_service}UDDISubscriptionListenerService from class org.uddi.v3_service.UDDISubscriptionListenerPortType
ene 16, 2014 5:03:42 PM org.apache.cxf.endpoint.ServerImpl initDestination
Información: Setting the server's publish address to be /subscription-listener
ene 16, 2014 5:03:42 PM org.apache.cxf.service.factory.ReflectionServiceFactoryBean buildServiceFromClass
Información: Creating Service {urn:uddi-org:v3_service}UDDICustodyTransferService from class org.uddi.v3_service.UDDICustodyTransferPortType
ene 16, 2014 5:03:42 PM org.apache.cxf.endpoint.ServerImpl initDestination
Información: Setting the server's publish address to be /custody-transfer
ene 16, 2014 5:03:42 PM org.apache.cxf.service.factory.ReflectionServiceFactoryBean buildServiceFromClass
Información: Creating Service {urn:juddi-apache-org:v3_service}JUDDIApiService from class org.apache.juddi.v3_service.JUDDIApiPortType
ene 16, 2014 5:03:42 PM org.apache.cxf.endpoint.ServerImpl initDestination
Información: Setting the server's publish address to be /juddi-api
ene 16, 2014 5:03:42 PM org.springframework.web.context.ContextLoader initWebApplicationContext
Información: Root WebApplicationContext: initialization completed in 5841 ms
ene 16, 2014 5:03:42 PM org.apache.juddi.Registry start
Información: Starting jUDDI registry...
ene 16, 2014 5:03:43 PM org.apache.juddi.config.AppConfig loadConfiguration
Información: Reading from properties file:  file:/C:/Users/fawques/Documents/SOR/libSOR/lib/juddi-distro-3.1.5/juddi-tomcat-3.1.5/webapps/juddiv3/WEB-INF/classes/juddiv3.properties
ene 16, 2014 5:04:34 PM org.apache.juddi.config.AppConfig getPersistentConfiguration
Información: The 'root' publisher was not found, loading...
ene 16, 2014 5:04:34 PM org.apache.juddi.config.Install buildInstallEntity
Información: Loading the content of file: jar:file:/C:/Users/fawques/Documents/SOR/libSOR/lib/juddi-distro-3.1.5/juddi-tomcat-3.1.5/webapps/juddiv3/WEB-INF/lib/juddi-core-openjpa-3.1.5.jar!/juddi_install_data/root_tModelKeyGen.xml
ene 16, 2014 5:04:35 PM org.apache.juddi.config.Install buildInstallEntity
Información: Loading the content of file: jar:file:/C:/Users/fawques/Documents/SOR/libSOR/lib/juddi-distro-3.1.5/juddi-tomcat-3.1.5/webapps/juddiv3/WEB-INF/lib/juddi-core-openjpa-3.1.5.jar!/juddi_install_data/root_BusinessEntity.xml
ene 16, 2014 5:04:35 PM org.apache.juddi.config.Install install
Información: Loading the root Publisher from file root_Publisher.xml
ene 16, 2014 5:04:35 PM org.apache.juddi.config.Install buildInstallEntity
Información: Loading the content of file: jar:file:/C:/Users/fawques/Documents/SOR/libSOR/lib/juddi-distro-3.1.5/juddi-tomcat-3.1.5/webapps/juddiv3/WEB-INF/lib/juddi-core-openjpa-3.1.5.jar!/juddi_install_data/root_Publisher.xml
ene 16, 2014 5:04:35 PM org.apache.juddi.config.Install buildInstallEntity
Información: Loading the content of file: jar:file:/C:/Users/fawques/Documents/SOR/libSOR/lib/juddi-distro-3.1.5/juddi-tomcat-3.1.5/webapps/juddiv3/WEB-INF/lib/juddi-core-openjpa-3.1.5.jar!/juddi_install_data/UDDI_Publisher.xml
ene 16, 2014 5:04:35 PM org.apache.juddi.config.Install buildInstallEntity
Información: Loading the content of file: jar:file:/C:/Users/fawques/Documents/SOR/libSOR/lib/juddi-distro-3.1.5/juddi-tomcat-3.1.5/webapps/juddiv3/WEB-INF/lib/juddi-core-openjpa-3.1.5.jar!/juddi_install_data/UDDI_tModels.xml
ene 16, 2014 5:04:40 PM org.apache.juddi.Registry start
Información: jUDDI registry started succesfully.
ene 16, 2014 5:04:40 PM org.apache.cxf.transport.servlet.CXFServlet updateContext
Información: Load the bus with application context
ene 16, 2014 5:04:40 PM org.springframework.context.support.AbstractApplicationContext prepareRefresh
Información: Refreshing org.apache.cxf.bus.spring.BusApplicationContext@50538f13: startup date [Thu Jan 16 17:04:40 CET 2014]; parent: Root WebApplicationContext
ene 16, 2014 5:04:40 PM org.springframework.beans.factory.support.DefaultListableBeanFactory preInstantiateSingletons
Información: Pre-instantiating singletons in org.springframework.beans.factory.support.DefaultListableBeanFactory@27024c48: defining beans []; parent: org.springframework.beans.factory.support.DefaultListableBeanFactory@7666cba4
ene 16, 2014 5:04:40 PM org.apache.cxf.transport.servlet.AbstractCXFServlet replaceDestinationFactory
Información: Servlet transport factory already registered 
ene 16, 2014 5:04:40 PM org.apache.catalina.startup.HostConfig deployDescriptor
Información: Desplieque del descriptor de configuración manager.xml
ene 16, 2014 5:04:40 PM org.apache.catalina.startup.HostConfig deployDirectory
Información: Despliegue del directorio docs de la aplicación web
ene 16, 2014 5:04:40 PM org.apache.catalina.startup.HostConfig deployDirectory
Información: Despliegue del directorio examples de la aplicación web
ene 16, 2014 5:04:40 PM org.apache.catalina.startup.HostConfig deployDirectory
Información: Despliegue del directorio ROOT de la aplicación web
ene 16, 2014 5:04:40 PM org.apache.coyote.http11.Http11Protocol start
Información: Arrancando Coyote HTTP/1.1 en puerto http-8081
ene 16, 2014 5:04:40 PM org.apache.jk.common.ChannelSocket init
Información: JK: ajp13 listening on /0.0.0.0:8009
ene 16, 2014 5:04:40 PM org.apache.jk.server.JkMain start
Información: Jk running ID=0 time=0/29  config=null
ene 16, 2014 5:04:40 PM org.apache.catalina.startup.Catalina start
Información: Server startup in 64183 ms
ene 16, 2014 5:32:51 PM org.apache.cxf.phase.PhaseInterceptorChain doDefaultLogging
Información: Application {urn:uddi-org:v3_service}UDDISubscriptionService#{urn:uddi-org:v3_service}get_subscriptions has thrown exception, unwinding now: org.apache.juddi.v3.error.AuthTokenRequiredException: Authentication is required for this API call
ene 16, 2014 5:56:00 PM org.apache.cxf.phase.PhaseInterceptorChain doDefaultLogging
Información: Application {urn:uddi-org:v3_service}UDDIPublicationService#{urn:uddi-org:v3_service}save_service has thrown exception, unwinding now: org.apache.juddi.v3.error.ValueNotAllowedException: A name was provided with no value
ene 16, 2014 6:02:14 PM org.apache.cxf.phase.PhaseInterceptorChain doDefaultLogging
Advertencia: Interceptor for {urn:uddi-org:v3_service}UDDIInquiryService#{urn:uddi-org:v3_service}find_binding has thrown exception, unwinding now
org.apache.cxf.interceptor.Fault: Unmarshalling Error: cvc-complex-type.2.4.a: Se ha encontrado contenido no válido a partir del elemento 'urn:name'. Se esperaba uno de '{"urn:uddi-org:api_v3":tModelBag, "urn:uddi-org:api_v3":find_tModel, "urn:uddi-org:api_v3":categoryBag}'. 
	at org.apache.cxf.jaxb.JAXBEncoderDecoder.unmarshall(JAXBEncoderDecoder.java:787)
	at org.apache.cxf.jaxb.JAXBEncoderDecoder.unmarshall(JAXBEncoderDecoder.java:628)
	at org.apache.cxf.jaxb.io.DataReaderImpl.read(DataReaderImpl.java:133)
	at org.apache.cxf.interceptor.DocLiteralInInterceptor.handleMessage(DocLiteralInInterceptor.java:198)
	at org.apache.cxf.phase.PhaseInterceptorChain.doIntercept(PhaseInterceptorChain.java:255)
	at org.apache.cxf.transport.ChainInitiationObserver.onMessage(ChainInitiationObserver.java:113)
	at org.apache.cxf.transport.servlet.ServletDestination.invoke(ServletDestination.java:97)
	at org.apache.cxf.transport.servlet.ServletController.invokeDestination(ServletController.java:461)
	at org.apache.cxf.transport.servlet.ServletController.invoke(ServletController.java:188)
	at org.apache.cxf.transport.servlet.AbstractCXFServlet.invoke(AbstractCXFServlet.java:148)
	at org.apache.cxf.transport.servlet.AbstractHTTPServlet.handleRequest(AbstractHTTPServlet.java:179)
	at org.apache.cxf.transport.servlet.AbstractHTTPServlet.doPost(AbstractHTTPServlet.java:103)
	at javax.servlet.http.HttpServlet.service(HttpServlet.java:637)
	at org.apache.cxf.transport.servlet.AbstractHTTPServlet.service(AbstractHTTPServlet.java:159)
	at org.apache.catalina.core.ApplicationFilterChain.internalDoFilter(ApplicationFilterChain.java:290)
	at org.apache.catalina.core.ApplicationFilterChain.doFilter(ApplicationFilterChain.java:206)
	at org.apache.catalina.core.StandardWrapperValve.invoke(StandardWrapperValve.java:233)
	at org.apache.catalina.core.StandardContextValve.invoke(StandardContextValve.java:191)
	at org.apache.catalina.core.StandardHostValve.invoke(StandardHostValve.java:127)
	at org.apache.catalina.valves.ErrorReportValve.invoke(ErrorReportValve.java:102)
	at org.apache.catalina.authenticator.SingleSignOn.invoke(SingleSignOn.java:394)
	at org.apache.catalina.core.StandardEngineValve.invoke(StandardEngineValve.java:109)
	at org.apache.catalina.connector.CoyoteAdapter.service(CoyoteAdapter.java:298)
	at org.apache.coyote.http11.Http11Processor.process(Http11Processor.java:852)
	at org.apache.coyote.http11.Http11Protocol$Http11ConnectionHandler.process(Http11Protocol.java:588)
	at org.apache.tomcat.util.net.JIoEndpoint$Worker.run(JIoEndpoint.java:489)
	at java.lang.Thread.run(Thread.java:744)
Caused by: javax.xml.bind.UnmarshalException
 - with linked exception:
[org.xml.sax.SAXParseException; lineNumber: 11; columnNumber: 10; cvc-complex-type.2.4.a: Se ha encontrado contenido no válido a partir del elemento 'urn:name'. Se esperaba uno de '{"urn:uddi-org:api_v3":tModelBag, "urn:uddi-org:api_v3":find_tModel, "urn:uddi-org:api_v3":categoryBag}'.]
	at com.sun.xml.bind.v2.runtime.unmarshaller.UnmarshallerImpl.handleStreamException(UnmarshallerImpl.java:425)
	at com.sun.xml.bind.v2.runtime.unmarshaller.UnmarshallerImpl.unmarshal0(UnmarshallerImpl.java:362)
	at com.sun.xml.bind.v2.runtime.unmarshaller.UnmarshallerImpl.unmarshal(UnmarshallerImpl.java:339)
	at org.apache.cxf.jaxb.JAXBEncoderDecoder.unmarshall(JAXBEncoderDecoder.java:764)
	... 26 more
Caused by: org.xml.sax.SAXParseException; lineNumber: 11; columnNumber: 10; cvc-complex-type.2.4.a: Se ha encontrado contenido no válido a partir del elemento 'urn:name'. Se esperaba uno de '{"urn:uddi-org:api_v3":tModelBag, "urn:uddi-org:api_v3":find_tModel, "urn:uddi-org:api_v3":categoryBag}'.
	at com.sun.org.apache.xerces.internal.util.ErrorHandlerWrapper.createSAXParseException(ErrorHandlerWrapper.java:198)
	at com.sun.org.apache.xerces.internal.util.ErrorHandlerWrapper.error(ErrorHandlerWrapper.java:134)
	at com.sun.org.apache.xerces.internal.impl.XMLErrorReporter.reportError(XMLErrorReporter.java:437)
	at com.sun.org.apache.xerces.internal.impl.XMLErrorReporter.reportError(XMLErrorReporter.java:368)
	at com.sun.org.apache.xerces.internal.impl.XMLErrorReporter.reportError(XMLErrorReporter.java:325)
	at com.sun.org.apache.xerces.internal.impl.xs.XMLSchemaValidator$XSIErrorReporter.reportError(XMLSchemaValidator.java:458)
	at com.sun.org.apache.xerces.internal.impl.xs.XMLSchemaValidator.reportSchemaError(XMLSchemaValidator.java:3237)
	at com.sun.org.apache.xerces.internal.impl.xs.XMLSchemaValidator.handleStartElement(XMLSchemaValidator.java:1796)
	at com.sun.org.apache.xerces.internal.impl.xs.XMLSchemaValidator.startElement(XMLSchemaValidator.java:746)
	at com.sun.org.apache.xerces.internal.jaxp.validation.ValidatorHandlerImpl.startElement(ValidatorHandlerImpl.java:570)
	at com.sun.xml.bind.v2.runtime.unmarshaller.ValidatingUnmarshaller.startElement(ValidatingUnmarshaller.java:96)
	at com.sun.xml.bind.v2.runtime.unmarshaller.StAXStreamConnector.handleStartElement(StAXStreamConnector.java:242)
	at com.sun.xml.bind.v2.runtime.unmarshaller.StAXStreamConnector.bridge(StAXStreamConnector.java:176)
	at com.sun.xml.bind.v2.runtime.unmarshaller.UnmarshallerImpl.unmarshal0(UnmarshallerImpl.java:360)
	... 28 more

ene 16, 2014 6:07:36 PM org.apache.catalina.core.AprLifecycleListener init
Información: La biblioteca nativa de Apache Tomcat basada en ARP que permite un rendimiento óptimo en entornos de desarrollo no ha sido hallada en java.library.path: C:\Program Files\Java\jdk1.7.0_45\bin;C:\WINDOWS\Sun\Java\bin;C:\WINDOWS\system32;C:\WINDOWS;C:\Program Files (x86)\NVIDIA Corporation\PhysX\Common;C:\WINDOWS\system32;C:\WINDOWS;C:\WINDOWS\System32\Wbem;C:\WINDOWS\System32\WindowsPowerShell\v1.0\;C:\Program Files (x86)\Windows Kits\8.1\Windows Performance Toolkit\;C:\Program Files\Microsoft SQL Server\110\Tools\Binn\;C:\Program Files (x86)\MySQL\MySQL Utilities 1.3.4\;.
ene 16, 2014 6:07:36 PM org.apache.coyote.http11.Http11Protocol init
Información: Inicializando Coyote HTTP/1.1 en puerto http-8081
ene 16, 2014 6:07:36 PM org.apache.catalina.startup.Catalina load
Información: Initialization processed in 527 ms
ene 16, 2014 6:07:36 PM org.apache.catalina.core.StandardService start
Información: Arrancando servicio Catalina
ene 16, 2014 6:07:36 PM org.apache.catalina.core.StandardEngine start
Información: Starting Servlet Engine: Apache Tomcat/6.0.26
ene 16, 2014 6:07:36 PM org.apache.catalina.startup.HostConfig deployDescriptor
Información: Desplieque del descriptor de configuración host-manager.xml
ene 16, 2014 6:07:37 PM org.apache.catalina.startup.HostConfig deployDescriptor
Información: Desplieque del descriptor de configuración juddiv3.xml
ene 16, 2014 6:07:37 PM org.springframework.web.context.ContextLoader initWebApplicationContext
Información: Root WebApplicationContext: initialization started
ene 16, 2014 6:07:37 PM org.springframework.context.support.AbstractApplicationContext prepareRefresh
Información: Refreshing Root WebApplicationContext: startup date [Thu Jan 16 18:07:37 CET 2014]; root of context hierarchy
ene 16, 2014 6:07:37 PM org.springframework.beans.factory.xml.XmlBeanDefinitionReader loadBeanDefinitions
Información: Loading XML bean definitions from ServletContext resource [/WEB-INF/beans.xml]
ene 16, 2014 6:07:38 PM org.springframework.beans.factory.xml.XmlBeanDefinitionReader loadBeanDefinitions
Información: Loading XML bean definitions from class path resource [META-INF/cxf/cxf.xml]
ene 16, 2014 6:07:38 PM org.springframework.beans.factory.xml.XmlBeanDefinitionReader loadBeanDefinitions
Información: Loading XML bean definitions from class path resource [META-INF/cxf/cxf-extension-soap.xml]
ene 16, 2014 6:07:38 PM org.springframework.beans.factory.xml.XmlBeanDefinitionReader loadBeanDefinitions
Información: Loading XML bean definitions from class path resource [META-INF/cxf/cxf-servlet.xml]
ene 16, 2014 6:07:38 PM org.springframework.beans.factory.xml.XmlBeanDefinitionReader loadBeanDefinitions
Información: Loading XML bean definitions from class path resource [META-INF/cxf/cxf-extension-http.xml]
ene 16, 2014 6:07:38 PM org.apache.juddi.api.impl.UDDIServiceCounter getServer
Información: Found MBean server
ene 16, 2014 6:07:38 PM org.apache.juddi.api.impl.UDDIServiceCounter getServer
Información: Found MBean server
ene 16, 2014 6:07:38 PM org.apache.juddi.api.impl.UDDIServiceCounter getServer
Información: Found MBean server
ene 16, 2014 6:07:38 PM org.apache.juddi.api.impl.UDDIServiceCounter getServer
Información: Found MBean server
ene 16, 2014 6:07:38 PM org.apache.juddi.api.impl.UDDIServiceCounter getServer
Información: Found MBean server
ene 16, 2014 6:07:38 PM org.springframework.beans.factory.support.DefaultListableBeanFactory preInstantiateSingletons
Información: Pre-instantiating singletons in org.springframework.beans.factory.support.DefaultListableBeanFactory@653e3e90: defining beans [cxf,org.apache.cxf.bus.spring.BusApplicationListener,org.apache.cxf.bus.spring.BusWiringBeanFactoryPostProcessor,org.apache.cxf.bus.spring.Jsr250BeanPostProcessor,org.apache.cxf.bus.spring.BusExtensionPostProcessor,org.apache.cxf.resource.ResourceManager,org.apache.cxf.configuration.Configurer,org.apache.cxf.binding.BindingFactoryManager,org.apache.cxf.transport.DestinationFactoryManager,org.apache.cxf.transport.ConduitInitiatorManager,org.apache.cxf.wsdl.WSDLManager,org.apache.cxf.phase.PhaseManager,org.apache.cxf.workqueue.WorkQueueManager,org.apache.cxf.buslifecycle.BusLifeCycleManager,org.apache.cxf.endpoint.ServerRegistry,org.apache.cxf.endpoint.ServerLifeCycleManager,org.apache.cxf.endpoint.ClientLifeCycleManager,org.apache.cxf.transports.http.QueryHandlerRegistry,org.apache.cxf.endpoint.EndpointResolverRegistry,org.apache.cxf.headers.HeaderManager,org.apache.cxf.catalog.OASISCatalogManager,org.apache.cxf.service.factory.FactoryBeanListenerManager,org.apache.cxf.endpoint.ServiceContractResolverRegistry,org.apache.cxf.binding.soap.SoapBindingFactory,org.apache.cxf.binding.soap.SoapTransportFactory,org.apache.cxf.binding.soap.customEditorConfigurer,org.apache.cxf.transport.http.policy.HTTPClientAssertionBuilder,org.apache.cxf.transport.http.policy.HTTPServerAssertionBuilder,org.apache.cxf.transport.http.policy.NoOpPolicyInterceptorProvider,org.apache.cxf.transport.http.ClientOnlyHTTPTransportFactory,org.apache.cxf.transport.servlet.ServletTransportFactory,inquiry,publish,security,subscription,subscription-listener,custody-transfer,juddi-api]; root of factory hierarchy
ene 16, 2014 6:07:39 PM org.apache.cxf.service.factory.ReflectionServiceFactoryBean buildServiceFromClass
Información: Creating Service {urn:uddi-org:v3_service}UDDIInquiryService from class org.uddi.v3_service.UDDIInquiryPortType
ene 16, 2014 6:07:41 PM org.apache.cxf.endpoint.ServerImpl initDestination
Información: Setting the server's publish address to be /inquiry
ene 16, 2014 6:07:41 PM org.apache.cxf.service.factory.ReflectionServiceFactoryBean buildServiceFromClass
Información: Creating Service {urn:uddi-org:v3_service}UDDIPublicationService from class org.uddi.v3_service.UDDIPublicationPortType
ene 16, 2014 6:07:41 PM org.apache.cxf.endpoint.ServerImpl initDestination
Información: Setting the server's publish address to be /publish
ene 16, 2014 6:07:41 PM org.apache.cxf.service.factory.ReflectionServiceFactoryBean buildServiceFromClass
Información: Creating Service {urn:uddi-org:v3_service}UDDISecurityService from class org.uddi.v3_service.UDDISecurityPortType
ene 16, 2014 6:07:42 PM org.apache.cxf.endpoint.ServerImpl initDestination
Información: Setting the server's publish address to be /security
ene 16, 2014 6:07:42 PM org.apache.cxf.service.factory.ReflectionServiceFactoryBean buildServiceFromClass
Información: Creating Service {urn:uddi-org:v3_service}UDDISubscriptionService from class org.uddi.v3_service.UDDISubscriptionPortType
ene 16, 2014 6:07:43 PM org.apache.cxf.endpoint.ServerImpl initDestination
Información: Setting the server's publish address to be /subscription
ene 16, 2014 6:07:43 PM org.apache.cxf.service.factory.ReflectionServiceFactoryBean buildServiceFromClass
Información: Creating Service {urn:uddi-org:v3_service}UDDISubscriptionListenerService from class org.uddi.v3_service.UDDISubscriptionListenerPortType
ene 16, 2014 6:07:43 PM org.apache.cxf.endpoint.ServerImpl initDestination
Información: Setting the server's publish address to be /subscription-listener
ene 16, 2014 6:07:43 PM org.apache.cxf.service.factory.ReflectionServiceFactoryBean buildServiceFromClass
Información: Creating Service {urn:uddi-org:v3_service}UDDICustodyTransferService from class org.uddi.v3_service.UDDICustodyTransferPortType
ene 16, 2014 6:07:43 PM org.apache.cxf.endpoint.ServerImpl initDestination
Información: Setting the server's publish address to be /custody-transfer
ene 16, 2014 6:07:43 PM org.apache.cxf.service.factory.ReflectionServiceFactoryBean buildServiceFromClass
Información: Creating Service {urn:juddi-apache-org:v3_service}JUDDIApiService from class org.apache.juddi.v3_service.JUDDIApiPortType
ene 16, 2014 6:07:43 PM org.apache.cxf.endpoint.ServerImpl initDestination
Información: Setting the server's publish address to be /juddi-api
ene 16, 2014 6:07:43 PM org.springframework.web.context.ContextLoader initWebApplicationContext
Información: Root WebApplicationContext: initialization completed in 6183 ms
ene 16, 2014 6:07:43 PM org.apache.juddi.Registry start
Información: Starting jUDDI registry...
ene 16, 2014 6:07:44 PM org.apache.juddi.config.AppConfig loadConfiguration
Información: Reading from properties file:  file:/C:/Users/fawques/Documents/SOR/libSOR/lib/juddi-distro-3.1.5/juddi-tomcat-3.1.5/webapps/juddiv3/WEB-INF/classes/juddiv3.properties
ene 16, 2014 6:08:10 PM org.apache.juddi.Registry start
Información: jUDDI registry started succesfully.
ene 16, 2014 6:08:10 PM org.apache.cxf.transport.servlet.CXFServlet updateContext
Información: Load the bus with application context
ene 16, 2014 6:08:10 PM org.springframework.context.support.AbstractApplicationContext prepareRefresh
Información: Refreshing org.apache.cxf.bus.spring.BusApplicationContext@5ba33ad7: startup date [Thu Jan 16 18:08:10 CET 2014]; parent: Root WebApplicationContext
ene 16, 2014 6:08:10 PM org.springframework.beans.factory.support.DefaultListableBeanFactory preInstantiateSingletons
Información: Pre-instantiating singletons in org.springframework.beans.factory.support.DefaultListableBeanFactory@38dfeb26: defining beans []; parent: org.springframework.beans.factory.support.DefaultListableBeanFactory@653e3e90
ene 16, 2014 6:08:10 PM org.apache.cxf.transport.servlet.AbstractCXFServlet replaceDestinationFactory
Información: Servlet transport factory already registered 
ene 16, 2014 6:08:10 PM org.apache.catalina.startup.HostConfig deployDescriptor
Información: Desplieque del descriptor de configuración manager.xml
ene 16, 2014 6:08:10 PM org.apache.catalina.startup.HostConfig deployDirectory
Información: Despliegue del directorio docs de la aplicación web
ene 16, 2014 6:08:10 PM org.apache.catalina.startup.HostConfig deployDirectory
Información: Despliegue del directorio examples de la aplicación web
ene 16, 2014 6:08:11 PM org.apache.catalina.startup.HostConfig deployDirectory
Información: Despliegue del directorio ROOT de la aplicación web
ene 16, 2014 6:08:12 PM org.apache.coyote.http11.Http11Protocol start
Información: Arrancando Coyote HTTP/1.1 en puerto http-8081
ene 16, 2014 6:08:12 PM org.apache.jk.common.ChannelSocket init
Información: JK: ajp13 listening on /0.0.0.0:8009
ene 16, 2014 6:08:12 PM org.apache.jk.server.JkMain start
Información: Jk running ID=0 time=0/37  config=null
ene 16, 2014 6:08:12 PM org.apache.catalina.startup.Catalina start
Información: Server startup in 35400 ms
ene 16, 2014 6:10:07 PM org.apache.cxf.phase.PhaseInterceptorChain doDefaultLogging
Información: Application {urn:uddi-org:v3_service}UDDIInquiryService#{urn:uddi-org:v3_service}get_serviceDetail has thrown exception, unwinding now: org.apache.juddi.v3.error.InvalidKeyPassedException: The business service was not found for the given key:  uddi:juddi.apache.org:fbf5ac17-8cda-4c78-81fe-cfba65c04258" businesskey="uddi:juddi.apache.org:e686963e-fd21-4121-b35a-6c09d83e8477
