08-feb-2014 9:15:33 org.apache.catalina.core.AprLifecycleListener init
INFO: La biblioteca nativa de Apache Tomcat basada en ARP que permite un rendimiento —ptimo en entornos de desarrollo no ha sido hallada en java.library.path: .:/Library/Java/Extensions:/System/Library/Java/Extensions:/usr/lib/java
08-feb-2014 9:15:33 org.apache.coyote.http11.Http11Protocol init
INFO: Inicializando Coyote HTTP/1.1 en puerto http-8081
08-feb-2014 9:15:33 org.apache.catalina.startup.Catalina load
INFO: Initialization processed in 443 ms
08-feb-2014 9:15:33 org.apache.catalina.core.StandardService start
INFO: Arrancando servicio Catalina
08-feb-2014 9:15:33 org.apache.catalina.core.StandardEngine start
INFO: Starting Servlet Engine: Apache Tomcat/6.0.26
08-feb-2014 9:15:33 org.apache.catalina.startup.HostConfig deployDescriptor
INFO: Desplieque del descriptor de configuraci—n host-manager.xml
08-feb-2014 9:15:33 org.apache.catalina.startup.HostConfig deployDescriptor
INFO: Desplieque del descriptor de configuraci—n juddiv3.xml
08-feb-2014 9:15:34 org.springframework.web.context.ContextLoader initWebApplicationContext
INFO: Root WebApplicationContext: initialization started
08-feb-2014 9:15:34 org.springframework.context.support.AbstractApplicationContext prepareRefresh
INFO: Refreshing Root WebApplicationContext: startup date [Sat Feb 08 09:15:34 CET 2014]; root of context hierarchy
08-feb-2014 9:15:34 org.springframework.beans.factory.xml.XmlBeanDefinitionReader loadBeanDefinitions
INFO: Loading XML bean definitions from ServletContext resource [/WEB-INF/beans.xml]
08-feb-2014 9:15:34 org.springframework.beans.factory.xml.XmlBeanDefinitionReader loadBeanDefinitions
INFO: Loading XML bean definitions from class path resource [META-INF/cxf/cxf.xml]
08-feb-2014 9:15:34 org.springframework.beans.factory.xml.XmlBeanDefinitionReader loadBeanDefinitions
INFO: Loading XML bean definitions from class path resource [META-INF/cxf/cxf-extension-soap.xml]
08-feb-2014 9:15:34 org.springframework.beans.factory.xml.XmlBeanDefinitionReader loadBeanDefinitions
INFO: Loading XML bean definitions from class path resource [META-INF/cxf/cxf-servlet.xml]
08-feb-2014 9:15:34 org.springframework.beans.factory.xml.XmlBeanDefinitionReader loadBeanDefinitions
INFO: Loading XML bean definitions from class path resource [META-INF/cxf/cxf-extension-http.xml]
08-feb-2014 9:15:34 org.apache.juddi.api.impl.UDDIServiceCounter getServer
INFO: Found MBean server
08-feb-2014 9:15:34 org.apache.juddi.api.impl.UDDIServiceCounter getServer
INFO: Found MBean server
08-feb-2014 9:15:34 org.apache.juddi.api.impl.UDDIServiceCounter getServer
INFO: Found MBean server
08-feb-2014 9:15:34 org.apache.juddi.api.impl.UDDIServiceCounter getServer
INFO: Found MBean server
08-feb-2014 9:15:34 org.apache.juddi.api.impl.UDDIServiceCounter getServer
INFO: Found MBean server
08-feb-2014 9:15:34 org.springframework.beans.factory.support.DefaultListableBeanFactory preInstantiateSingletons
INFO: Pre-instantiating singletons in org.springframework.beans.factory.support.DefaultListableBeanFactory@1ac7057c: defining beans [cxf,org.apache.cxf.bus.spring.BusApplicationListener,org.apache.cxf.bus.spring.BusWiringBeanFactoryPostProcessor,org.apache.cxf.bus.spring.Jsr250BeanPostProcessor,org.apache.cxf.bus.spring.BusExtensionPostProcessor,org.apache.cxf.resource.ResourceManager,org.apache.cxf.configuration.Configurer,org.apache.cxf.binding.BindingFactoryManager,org.apache.cxf.transport.DestinationFactoryManager,org.apache.cxf.transport.ConduitInitiatorManager,org.apache.cxf.wsdl.WSDLManager,org.apache.cxf.phase.PhaseManager,org.apache.cxf.workqueue.WorkQueueManager,org.apache.cxf.buslifecycle.BusLifeCycleManager,org.apache.cxf.endpoint.ServerRegistry,org.apache.cxf.endpoint.ServerLifeCycleManager,org.apache.cxf.endpoint.ClientLifeCycleManager,org.apache.cxf.transports.http.QueryHandlerRegistry,org.apache.cxf.endpoint.EndpointResolverRegistry,org.apache.cxf.headers.HeaderManager,org.apache.cxf.catalog.OASISCatalogManager,org.apache.cxf.service.factory.FactoryBeanListenerManager,org.apache.cxf.endpoint.ServiceContractResolverRegistry,org.apache.cxf.binding.soap.SoapBindingFactory,org.apache.cxf.binding.soap.SoapTransportFactory,org.apache.cxf.binding.soap.customEditorConfigurer,org.apache.cxf.transport.http.policy.HTTPClientAssertionBuilder,org.apache.cxf.transport.http.policy.HTTPServerAssertionBuilder,org.apache.cxf.transport.http.policy.NoOpPolicyInterceptorProvider,org.apache.cxf.transport.http.ClientOnlyHTTPTransportFactory,org.apache.cxf.transport.servlet.ServletTransportFactory,inquiry,publish,security,subscription,subscription-listener,custody-transfer,juddi-api]; root of factory hierarchy
08-feb-2014 9:15:35 org.apache.cxf.service.factory.ReflectionServiceFactoryBean buildServiceFromClass
INFO: Creating Service {urn:uddi-org:v3_service}UDDIInquiryService from class org.uddi.v3_service.UDDIInquiryPortType
08-feb-2014 9:15:36 org.apache.cxf.endpoint.ServerImpl initDestination
INFO: Setting the server's publish address to be /inquiry
08-feb-2014 9:15:36 org.apache.cxf.service.factory.ReflectionServiceFactoryBean buildServiceFromClass
INFO: Creating Service {urn:uddi-org:v3_service}UDDIPublicationService from class org.uddi.v3_service.UDDIPublicationPortType
08-feb-2014 9:15:37 org.apache.cxf.endpoint.ServerImpl initDestination
INFO: Setting the server's publish address to be /publish
08-feb-2014 9:15:37 org.apache.cxf.service.factory.ReflectionServiceFactoryBean buildServiceFromClass
INFO: Creating Service {urn:uddi-org:v3_service}UDDISecurityService from class org.uddi.v3_service.UDDISecurityPortType
08-feb-2014 9:15:37 org.apache.cxf.endpoint.ServerImpl initDestination
INFO: Setting the server's publish address to be /security
08-feb-2014 9:15:37 org.apache.cxf.service.factory.ReflectionServiceFactoryBean buildServiceFromClass
INFO: Creating Service {urn:uddi-org:v3_service}UDDISubscriptionService from class org.uddi.v3_service.UDDISubscriptionPortType
08-feb-2014 9:15:37 org.apache.cxf.endpoint.ServerImpl initDestination
INFO: Setting the server's publish address to be /subscription
08-feb-2014 9:15:37 org.apache.cxf.service.factory.ReflectionServiceFactoryBean buildServiceFromClass
INFO: Creating Service {urn:uddi-org:v3_service}UDDISubscriptionListenerService from class org.uddi.v3_service.UDDISubscriptionListenerPortType
08-feb-2014 9:15:38 org.apache.cxf.endpoint.ServerImpl initDestination
INFO: Setting the server's publish address to be /subscription-listener
08-feb-2014 9:15:38 org.apache.cxf.service.factory.ReflectionServiceFactoryBean buildServiceFromClass
INFO: Creating Service {urn:uddi-org:v3_service}UDDICustodyTransferService from class org.uddi.v3_service.UDDICustodyTransferPortType
08-feb-2014 9:15:38 org.apache.cxf.endpoint.ServerImpl initDestination
INFO: Setting the server's publish address to be /custody-transfer
08-feb-2014 9:15:38 org.apache.cxf.service.factory.ReflectionServiceFactoryBean buildServiceFromClass
INFO: Creating Service {urn:juddi-apache-org:v3_service}JUDDIApiService from class org.apache.juddi.v3_service.JUDDIApiPortType
08-feb-2014 9:15:38 org.apache.cxf.endpoint.ServerImpl initDestination
INFO: Setting the server's publish address to be /juddi-api
08-feb-2014 9:15:38 org.springframework.web.context.ContextLoader initWebApplicationContext
INFO: Root WebApplicationContext: initialization completed in 4495 ms
08-feb-2014 9:15:38 org.apache.juddi.Registry start
INFO: Starting jUDDI registry...
08-feb-2014 9:15:38 org.apache.juddi.config.AppConfig loadConfiguration
INFO: Reading from properties file:  file:/Users/pablovm1990/Documents/Sor/libSOR/lib/juddi-distro-3.1.5/juddi-tomcat-3.1.5/webapps/juddiv3/WEB-INF/classes/juddiv3.properties
08-feb-2014 9:15:42 org.apache.juddi.Registry start
INFO: jUDDI registry started succesfully.
08-feb-2014 9:15:42 org.apache.cxf.transport.servlet.CXFServlet updateContext
INFO: Load the bus with application context
08-feb-2014 9:15:42 org.springframework.context.support.AbstractApplicationContext prepareRefresh
INFO: Refreshing org.apache.cxf.bus.spring.BusApplicationContext@20e5e569: startup date [Sat Feb 08 09:15:42 CET 2014]; parent: Root WebApplicationContext
08-feb-2014 9:15:42 org.springframework.beans.factory.support.DefaultListableBeanFactory preInstantiateSingletons
INFO: Pre-instantiating singletons in org.springframework.beans.factory.support.DefaultListableBeanFactory@36d5e4c7: defining beans []; parent: org.springframework.beans.factory.support.DefaultListableBeanFactory@1ac7057c
08-feb-2014 9:15:42 org.apache.cxf.transport.servlet.AbstractCXFServlet replaceDestinationFactory
INFO: Servlet transport factory already registered 
08-feb-2014 9:15:42 org.apache.catalina.startup.HostConfig deployDescriptor
INFO: Desplieque del descriptor de configuraci—n manager.xml
08-feb-2014 9:15:42 org.apache.catalina.startup.HostConfig deployDirectory
INFO: Despliegue del directorio docs de la aplicaci—n web
08-feb-2014 9:15:42 org.apache.catalina.startup.HostConfig deployDirectory
INFO: Despliegue del directorio examples de la aplicaci—n web
08-feb-2014 9:15:42 org.apache.catalina.startup.HostConfig deployDirectory
INFO: Despliegue del directorio ROOT de la aplicaci—n web
08-feb-2014 9:15:42 org.apache.coyote.http11.Http11Protocol start
INFO: Arrancando Coyote HTTP/1.1 en puerto http-8081
08-feb-2014 9:15:42 org.apache.jk.common.ChannelSocket init
INFO: JK: ajp13 listening on /0.0.0.0:8009
08-feb-2014 9:15:42 org.apache.jk.server.JkMain start
INFO: Jk running ID=0 time=0/43  config=null
08-feb-2014 9:15:42 org.apache.catalina.startup.Catalina start
INFO: Server startup in 8844 ms
08-feb-2014 11:25:45 org.apache.coyote.http11.Http11Protocol pause
INFO: Pausando Coyote HTTP/1.1 en puerto http-8081
08-feb-2014 11:25:46 org.apache.catalina.core.StandardService stop
INFO: Parando servicio Catalina
08-feb-2014 11:25:46 org.apache.juddi.Registry stop
INFO: Stopping jUDDI registry...
08-feb-2014 11:25:46 org.apache.juddi.Registry stop
INFO: Shutting down SubscriptionNotifier
08-feb-2014 11:25:46 org.apache.juddi.Registry stop
INFO: jUDDI shutdown completed.
08-feb-2014 11:25:46 org.springframework.context.support.AbstractApplicationContext doClose
INFO: Closing org.apache.cxf.bus.spring.BusApplicationContext@20e5e569: startup date [Sat Feb 08 09:15:42 CET 2014]; parent: Root WebApplicationContext
08-feb-2014 11:25:46 org.springframework.beans.factory.support.DefaultSingletonBeanRegistry destroySingletons
INFO: Destroying singletons in org.springframework.beans.factory.support.DefaultListableBeanFactory@36d5e4c7: defining beans []; parent: org.springframework.beans.factory.support.DefaultListableBeanFactory@1ac7057c
08-feb-2014 11:25:46 org.springframework.context.support.AbstractApplicationContext doClose
INFO: Closing Root WebApplicationContext: startup date [Sat Feb 08 09:15:34 CET 2014]; root of context hierarchy
08-feb-2014 11:25:46 org.springframework.beans.factory.support.DefaultSingletonBeanRegistry destroySingletons
INFO: Destroying singletons in org.springframework.beans.factory.support.DefaultListableBeanFactory@1ac7057c: defining beans [cxf,org.apache.cxf.bus.spring.BusApplicationListener,org.apache.cxf.bus.spring.BusWiringBeanFactoryPostProcessor,org.apache.cxf.bus.spring.Jsr250BeanPostProcessor,org.apache.cxf.bus.spring.BusExtensionPostProcessor,org.apache.cxf.resource.ResourceManager,org.apache.cxf.configuration.Configurer,org.apache.cxf.binding.BindingFactoryManager,org.apache.cxf.transport.DestinationFactoryManager,org.apache.cxf.transport.ConduitInitiatorManager,org.apache.cxf.wsdl.WSDLManager,org.apache.cxf.phase.PhaseManager,org.apache.cxf.workqueue.WorkQueueManager,org.apache.cxf.buslifecycle.BusLifeCycleManager,org.apache.cxf.endpoint.ServerRegistry,org.apache.cxf.endpoint.ServerLifeCycleManager,org.apache.cxf.endpoint.ClientLifeCycleManager,org.apache.cxf.transports.http.QueryHandlerRegistry,org.apache.cxf.endpoint.EndpointResolverRegistry,org.apache.cxf.headers.HeaderManager,org.apache.cxf.catalog.OASISCatalogManager,org.apache.cxf.service.factory.FactoryBeanListenerManager,org.apache.cxf.endpoint.ServiceContractResolverRegistry,org.apache.cxf.binding.soap.SoapBindingFactory,org.apache.cxf.binding.soap.SoapTransportFactory,org.apache.cxf.binding.soap.customEditorConfigurer,org.apache.cxf.transport.http.policy.HTTPClientAssertionBuilder,org.apache.cxf.transport.http.policy.HTTPServerAssertionBuilder,org.apache.cxf.transport.http.policy.NoOpPolicyInterceptorProvider,org.apache.cxf.transport.http.ClientOnlyHTTPTransportFactory,org.apache.cxf.transport.servlet.ServletTransportFactory,inquiry,publish,security,subscription,subscription-listener,custody-transfer,juddi-api]; root of factory hierarchy
08-feb-2014 11:25:46 org.apache.catalina.loader.WebappClassLoader clearThreadLocalMap
GRAVE: A web application created a ThreadLocal with key of type [null] (value [com.sun.xml.bind.v2.ClassFactory$1@24f2f2]) and a value of type [java.util.WeakHashMap] (value [{class javax.xml.bind.annotation.W3CDomHandler=java.lang.ref.WeakReference@5da6725c}]) but failed to remove it when the web application was stopped. To prevent a memory leak, the ThreadLocal has been forcibly removed.
08-feb-2014 11:25:47 org.apache.coyote.http11.Http11Protocol destroy
INFO: Parando Coyote HTTP/1.1 en puerto http-8081
