ene 17, 2014 6:18:41 PM org.apache.catalina.core.AprLifecycleListener init
Información: La biblioteca nativa de Apache Tomcat basada en ARP que permite un rendimiento óptimo en entornos de desarrollo no ha sido hallada en java.library.path: C:\Program Files\Java\jdk1.7.0_45\bin;C:\WINDOWS\Sun\Java\bin;C:\WINDOWS\system32;C:\WINDOWS;C:\Program Files (x86)\NVIDIA Corporation\PhysX\Common;C:\WINDOWS\system32;C:\WINDOWS;C:\WINDOWS\System32\Wbem;C:\WINDOWS\System32\WindowsPowerShell\v1.0\;C:\Program Files (x86)\Windows Kits\8.1\Windows Performance Toolkit\;C:\Program Files\Microsoft SQL Server\110\Tools\Binn\;C:\Program Files (x86)\MySQL\MySQL Utilities 1.3.4\;.
ene 17, 2014 6:18:41 PM org.apache.coyote.http11.Http11Protocol init
Información: Inicializando Coyote HTTP/1.1 en puerto http-8081
ene 17, 2014 6:18:41 PM org.apache.catalina.startup.Catalina load
Información: Initialization processed in 656 ms
ene 17, 2014 6:18:42 PM org.apache.catalina.core.StandardService start
Información: Arrancando servicio Catalina
ene 17, 2014 6:18:42 PM org.apache.catalina.core.StandardEngine start
Información: Starting Servlet Engine: Apache Tomcat/6.0.26
ene 17, 2014 6:18:42 PM org.apache.catalina.startup.HostConfig deployDescriptor
Información: Desplieque del descriptor de configuración host-manager.xml
ene 17, 2014 6:18:42 PM org.apache.catalina.startup.HostConfig deployDescriptor
Información: Desplieque del descriptor de configuración juddiv3.xml
ene 17, 2014 6:18:44 PM org.springframework.web.context.ContextLoader initWebApplicationContext
Información: Root WebApplicationContext: initialization started
ene 17, 2014 6:18:44 PM org.springframework.context.support.AbstractApplicationContext prepareRefresh
Información: Refreshing Root WebApplicationContext: startup date [Fri Jan 17 18:18:44 CET 2014]; root of context hierarchy
ene 17, 2014 6:18:44 PM org.springframework.beans.factory.xml.XmlBeanDefinitionReader loadBeanDefinitions
Información: Loading XML bean definitions from ServletContext resource [/WEB-INF/beans.xml]
ene 17, 2014 6:18:47 PM org.springframework.beans.factory.xml.XmlBeanDefinitionReader loadBeanDefinitions
Información: Loading XML bean definitions from class path resource [META-INF/cxf/cxf.xml]
ene 17, 2014 6:18:48 PM org.springframework.beans.factory.xml.XmlBeanDefinitionReader loadBeanDefinitions
Información: Loading XML bean definitions from class path resource [META-INF/cxf/cxf-extension-soap.xml]
ene 17, 2014 6:18:48 PM org.springframework.beans.factory.xml.XmlBeanDefinitionReader loadBeanDefinitions
Información: Loading XML bean definitions from class path resource [META-INF/cxf/cxf-servlet.xml]
ene 17, 2014 6:18:48 PM org.springframework.beans.factory.xml.XmlBeanDefinitionReader loadBeanDefinitions
Información: Loading XML bean definitions from class path resource [META-INF/cxf/cxf-extension-http.xml]
ene 17, 2014 6:18:49 PM org.apache.juddi.api.impl.UDDIServiceCounter getServer
Información: Found MBean server
ene 17, 2014 6:18:49 PM org.apache.juddi.api.impl.UDDIServiceCounter getServer
Información: Found MBean server
ene 17, 2014 6:18:50 PM org.apache.juddi.api.impl.UDDIServiceCounter getServer
Información: Found MBean server
ene 17, 2014 6:18:50 PM org.apache.juddi.api.impl.UDDIServiceCounter getServer
Información: Found MBean server
ene 17, 2014 6:18:50 PM org.apache.juddi.api.impl.UDDIServiceCounter getServer
Información: Found MBean server
ene 17, 2014 6:18:52 PM org.springframework.beans.factory.support.DefaultListableBeanFactory preInstantiateSingletons
Información: Pre-instantiating singletons in org.springframework.beans.factory.support.DefaultListableBeanFactory@57d47ef4: defining beans [cxf,org.apache.cxf.bus.spring.BusApplicationListener,org.apache.cxf.bus.spring.BusWiringBeanFactoryPostProcessor,org.apache.cxf.bus.spring.Jsr250BeanPostProcessor,org.apache.cxf.bus.spring.BusExtensionPostProcessor,org.apache.cxf.resource.ResourceManager,org.apache.cxf.configuration.Configurer,org.apache.cxf.binding.BindingFactoryManager,org.apache.cxf.transport.DestinationFactoryManager,org.apache.cxf.transport.ConduitInitiatorManager,org.apache.cxf.wsdl.WSDLManager,org.apache.cxf.phase.PhaseManager,org.apache.cxf.workqueue.WorkQueueManager,org.apache.cxf.buslifecycle.BusLifeCycleManager,org.apache.cxf.endpoint.ServerRegistry,org.apache.cxf.endpoint.ServerLifeCycleManager,org.apache.cxf.endpoint.ClientLifeCycleManager,org.apache.cxf.transports.http.QueryHandlerRegistry,org.apache.cxf.endpoint.EndpointResolverRegistry,org.apache.cxf.headers.HeaderManager,org.apache.cxf.catalog.OASISCatalogManager,org.apache.cxf.service.factory.FactoryBeanListenerManager,org.apache.cxf.endpoint.ServiceContractResolverRegistry,org.apache.cxf.binding.soap.SoapBindingFactory,org.apache.cxf.binding.soap.SoapTransportFactory,org.apache.cxf.binding.soap.customEditorConfigurer,org.apache.cxf.transport.http.policy.HTTPClientAssertionBuilder,org.apache.cxf.transport.http.policy.HTTPServerAssertionBuilder,org.apache.cxf.transport.http.policy.NoOpPolicyInterceptorProvider,org.apache.cxf.transport.http.ClientOnlyHTTPTransportFactory,org.apache.cxf.transport.servlet.ServletTransportFactory,inquiry,publish,security,subscription,subscription-listener,custody-transfer,juddi-api]; root of factory hierarchy
ene 17, 2014 6:18:54 PM org.apache.cxf.service.factory.ReflectionServiceFactoryBean buildServiceFromClass
Información: Creating Service {urn:uddi-org:v3_service}UDDIInquiryService from class org.uddi.v3_service.UDDIInquiryPortType
ene 17, 2014 6:18:59 PM org.apache.cxf.endpoint.ServerImpl initDestination
Información: Setting the server's publish address to be /inquiry
ene 17, 2014 6:18:59 PM org.apache.cxf.service.factory.ReflectionServiceFactoryBean buildServiceFromClass
Información: Creating Service {urn:uddi-org:v3_service}UDDIPublicationService from class org.uddi.v3_service.UDDIPublicationPortType
ene 17, 2014 6:18:59 PM org.apache.cxf.endpoint.ServerImpl initDestination
Información: Setting the server's publish address to be /publish
ene 17, 2014 6:18:59 PM org.apache.cxf.service.factory.ReflectionServiceFactoryBean buildServiceFromClass
Información: Creating Service {urn:uddi-org:v3_service}UDDISecurityService from class org.uddi.v3_service.UDDISecurityPortType
ene 17, 2014 6:19:00 PM org.apache.cxf.endpoint.ServerImpl initDestination
Información: Setting the server's publish address to be /security
ene 17, 2014 6:19:00 PM org.apache.cxf.service.factory.ReflectionServiceFactoryBean buildServiceFromClass
Información: Creating Service {urn:uddi-org:v3_service}UDDISubscriptionService from class org.uddi.v3_service.UDDISubscriptionPortType
ene 17, 2014 6:19:00 PM org.apache.cxf.endpoint.ServerImpl initDestination
Información: Setting the server's publish address to be /subscription
ene 17, 2014 6:19:00 PM org.apache.cxf.service.factory.ReflectionServiceFactoryBean buildServiceFromClass
Información: Creating Service {urn:uddi-org:v3_service}UDDISubscriptionListenerService from class org.uddi.v3_service.UDDISubscriptionListenerPortType
ene 17, 2014 6:19:00 PM org.apache.cxf.endpoint.ServerImpl initDestination
Información: Setting the server's publish address to be /subscription-listener
ene 17, 2014 6:19:00 PM org.apache.cxf.service.factory.ReflectionServiceFactoryBean buildServiceFromClass
Información: Creating Service {urn:uddi-org:v3_service}UDDICustodyTransferService from class org.uddi.v3_service.UDDICustodyTransferPortType
ene 17, 2014 6:19:01 PM org.apache.cxf.endpoint.ServerImpl initDestination
Información: Setting the server's publish address to be /custody-transfer
ene 17, 2014 6:19:01 PM org.apache.cxf.service.factory.ReflectionServiceFactoryBean buildServiceFromClass
Información: Creating Service {urn:juddi-apache-org:v3_service}JUDDIApiService from class org.apache.juddi.v3_service.JUDDIApiPortType
ene 17, 2014 6:19:01 PM org.apache.cxf.endpoint.ServerImpl initDestination
Información: Setting the server's publish address to be /juddi-api
ene 17, 2014 6:19:01 PM org.springframework.web.context.ContextLoader initWebApplicationContext
Información: Root WebApplicationContext: initialization completed in 16872 ms
ene 17, 2014 6:19:01 PM org.apache.juddi.Registry start
Información: Starting jUDDI registry...
ene 17, 2014 6:19:02 PM org.apache.juddi.config.AppConfig loadConfiguration
Información: Reading from properties file:  file:/C:/Users/fawques/Documents/SOR/libSOR/lib/juddi-distro-3.1.5/juddi-tomcat-3.1.5/webapps/juddiv3/WEB-INF/classes/juddiv3.properties
ene 17, 2014 6:19:22 PM org.apache.juddi.Registry start
Información: jUDDI registry started succesfully.
ene 17, 2014 6:19:22 PM org.apache.cxf.transport.servlet.CXFServlet updateContext
Información: Load the bus with application context
ene 17, 2014 6:19:22 PM org.springframework.context.support.AbstractApplicationContext prepareRefresh
Información: Refreshing org.apache.cxf.bus.spring.BusApplicationContext@7ddb3a77: startup date [Fri Jan 17 18:19:22 CET 2014]; parent: Root WebApplicationContext
ene 17, 2014 6:19:23 PM org.springframework.beans.factory.support.DefaultListableBeanFactory preInstantiateSingletons
Información: Pre-instantiating singletons in org.springframework.beans.factory.support.DefaultListableBeanFactory@7ba606ec: defining beans []; parent: org.springframework.beans.factory.support.DefaultListableBeanFactory@57d47ef4
ene 17, 2014 6:19:23 PM org.apache.cxf.transport.servlet.AbstractCXFServlet replaceDestinationFactory
Información: Servlet transport factory already registered 
ene 17, 2014 6:19:23 PM org.apache.catalina.startup.HostConfig deployDescriptor
Información: Desplieque del descriptor de configuración manager.xml
ene 17, 2014 6:19:23 PM org.apache.catalina.startup.HostConfig deployDirectory
Información: Despliegue del directorio docs de la aplicación web
ene 17, 2014 6:19:23 PM org.apache.catalina.startup.HostConfig deployDirectory
Información: Despliegue del directorio examples de la aplicación web
ene 17, 2014 6:19:25 PM org.apache.catalina.startup.HostConfig deployDirectory
Información: Despliegue del directorio ROOT de la aplicación web
ene 17, 2014 6:19:25 PM org.apache.coyote.http11.Http11Protocol start
Información: Arrancando Coyote HTTP/1.1 en puerto http-8081
ene 17, 2014 6:19:25 PM org.apache.jk.common.ChannelSocket init
Información: JK: ajp13 listening on /0.0.0.0:8009
ene 17, 2014 6:19:25 PM org.apache.jk.server.JkMain start
Información: Jk running ID=0 time=0/112  config=null
ene 17, 2014 6:19:25 PM org.apache.catalina.startup.Catalina start
Información: Server startup in 43699 ms
ene 17, 2014 6:28:50 PM org.apache.cxf.phase.PhaseInterceptorChain doDefaultLogging
Información: Application {urn:uddi-org:v3_service}UDDIPublicationService#{urn:uddi-org:v3_service}delete_business has thrown exception, unwinding now: org.apache.juddi.v3.error.UserMismatchException: The user is not authorized to access the given entity:  uddi:juddi.apache.org:dbdd9362-16bb-4d21-98ee-cfbf30a20081
ene 17, 2014 6:31:11 PM org.apache.cxf.phase.PhaseInterceptorChain doDefaultLogging
Información: Application {urn:uddi-org:v3_service}UDDIPublicationService#{urn:uddi-org:v3_service}delete_business has thrown exception, unwinding now: org.apache.juddi.v3.error.UserMismatchException: The user is not authorized to access the given entity:  uddi:juddi.apache.org:dbdd9362-16bb-4d21-98ee-cfbf30a20081
ene 17, 2014 6:35:28 PM org.apache.cxf.phase.PhaseInterceptorChain doDefaultLogging
Información: Application {urn:uddi-org:v3_service}UDDIPublicationService#{urn:uddi-org:v3_service}delete_business has thrown exception, unwinding now: org.apache.juddi.v3.error.UserMismatchException: The user is not authorized to access the given entity:  uddi:juddi.apache.org:dbdd9362-16bb-4d21-98ee-cfbf30a20081
ene 17, 2014 6:35:54 PM org.apache.cxf.phase.PhaseInterceptorChain doDefaultLogging
Información: Application {urn:uddi-org:v3_service}UDDIPublicationService#{urn:uddi-org:v3_service}delete_business has thrown exception, unwinding now: org.apache.juddi.v3.error.UserMismatchException: The user is not authorized to access the given entity:  uddi:juddi.apache.org:dbdd9362-16bb-4d21-98ee-cfbf30a20081
ene 17, 2014 6:36:08 PM org.apache.cxf.phase.PhaseInterceptorChain doDefaultLogging
Información: Application {urn:uddi-org:v3_service}UDDIPublicationService#{urn:uddi-org:v3_service}delete_business has thrown exception, unwinding now: org.apache.juddi.v3.error.AuthTokenRequiredException: Authentication is required for this API call
ene 17, 2014 6:37:57 PM org.apache.cxf.phase.PhaseInterceptorChain doDefaultLogging
Información: Application {urn:uddi-org:v3_service}UDDIPublicationService#{urn:uddi-org:v3_service}delete_business has thrown exception, unwinding now: org.apache.juddi.v3.error.AuthTokenRequiredException: Authentication is required for this API call
ene 17, 2014 6:48:18 PM org.apache.cxf.phase.PhaseInterceptorChain doDefaultLogging
Información: Application {urn:uddi-org:v3_service}UDDIPublicationService#{urn:uddi-org:v3_service}delete_business has thrown exception, unwinding now: org.apache.juddi.v3.error.UserMismatchException: The user is not authorized to access the given entity:  uddi:juddi.apache.org:81d81f4b-0bb1-4715-b790-85e80c744bbb
ene 17, 2014 7:40:52 PM org.apache.catalina.core.AprLifecycleListener init
Información: La biblioteca nativa de Apache Tomcat basada en ARP que permite un rendimiento óptimo en entornos de desarrollo no ha sido hallada en java.library.path: C:\Program Files\Java\jdk1.7.0_45\bin;C:\WINDOWS\Sun\Java\bin;C:\WINDOWS\system32;C:\WINDOWS;C:\Program Files (x86)\NVIDIA Corporation\PhysX\Common;C:\WINDOWS\system32;C:\WINDOWS;C:\WINDOWS\System32\Wbem;C:\WINDOWS\System32\WindowsPowerShell\v1.0\;C:\Program Files (x86)\Windows Kits\8.1\Windows Performance Toolkit\;C:\Program Files\Microsoft SQL Server\110\Tools\Binn\;C:\Program Files (x86)\MySQL\MySQL Utilities 1.3.4\;.
ene 17, 2014 7:40:52 PM org.apache.coyote.http11.Http11Protocol init
Información: Inicializando Coyote HTTP/1.1 en puerto http-8081
ene 17, 2014 7:40:52 PM org.apache.catalina.startup.Catalina load
Información: Initialization processed in 605 ms
ene 17, 2014 7:40:52 PM org.apache.catalina.core.StandardService start
Información: Arrancando servicio Catalina
ene 17, 2014 7:40:52 PM org.apache.catalina.core.StandardEngine start
Información: Starting Servlet Engine: Apache Tomcat/6.0.26
ene 17, 2014 7:40:52 PM org.apache.catalina.startup.HostConfig deployDescriptor
Información: Desplieque del descriptor de configuración host-manager.xml
ene 17, 2014 7:40:53 PM org.apache.catalina.startup.HostConfig deployDescriptor
Información: Desplieque del descriptor de configuración juddiv3.xml
ene 17, 2014 7:40:54 PM org.springframework.web.context.ContextLoader initWebApplicationContext
Información: Root WebApplicationContext: initialization started
ene 17, 2014 7:40:54 PM org.springframework.context.support.AbstractApplicationContext prepareRefresh
Información: Refreshing Root WebApplicationContext: startup date [Fri Jan 17 19:40:54 CET 2014]; root of context hierarchy
ene 17, 2014 7:40:54 PM org.springframework.beans.factory.xml.XmlBeanDefinitionReader loadBeanDefinitions
Información: Loading XML bean definitions from ServletContext resource [/WEB-INF/beans.xml]
ene 17, 2014 7:40:54 PM org.springframework.beans.factory.xml.XmlBeanDefinitionReader loadBeanDefinitions
Información: Loading XML bean definitions from class path resource [META-INF/cxf/cxf.xml]
ene 17, 2014 7:40:54 PM org.springframework.beans.factory.xml.XmlBeanDefinitionReader loadBeanDefinitions
Información: Loading XML bean definitions from class path resource [META-INF/cxf/cxf-extension-soap.xml]
ene 17, 2014 7:40:54 PM org.springframework.beans.factory.xml.XmlBeanDefinitionReader loadBeanDefinitions
Información: Loading XML bean definitions from class path resource [META-INF/cxf/cxf-servlet.xml]
ene 17, 2014 7:40:55 PM org.springframework.beans.factory.xml.XmlBeanDefinitionReader loadBeanDefinitions
Información: Loading XML bean definitions from class path resource [META-INF/cxf/cxf-extension-http.xml]
ene 17, 2014 7:40:55 PM org.apache.juddi.api.impl.UDDIServiceCounter getServer
Información: Found MBean server
ene 17, 2014 7:40:55 PM org.apache.juddi.api.impl.UDDIServiceCounter getServer
Información: Found MBean server
ene 17, 2014 7:40:55 PM org.apache.juddi.api.impl.UDDIServiceCounter getServer
Información: Found MBean server
ene 17, 2014 7:40:55 PM org.apache.juddi.api.impl.UDDIServiceCounter getServer
Información: Found MBean server
ene 17, 2014 7:40:55 PM org.apache.juddi.api.impl.UDDIServiceCounter getServer
Información: Found MBean server
ene 17, 2014 7:40:55 PM org.springframework.beans.factory.support.DefaultListableBeanFactory preInstantiateSingletons
Información: Pre-instantiating singletons in org.springframework.beans.factory.support.DefaultListableBeanFactory@57d51956: defining beans [cxf,org.apache.cxf.bus.spring.BusApplicationListener,org.apache.cxf.bus.spring.BusWiringBeanFactoryPostProcessor,org.apache.cxf.bus.spring.Jsr250BeanPostProcessor,org.apache.cxf.bus.spring.BusExtensionPostProcessor,org.apache.cxf.resource.ResourceManager,org.apache.cxf.configuration.Configurer,org.apache.cxf.binding.BindingFactoryManager,org.apache.cxf.transport.DestinationFactoryManager,org.apache.cxf.transport.ConduitInitiatorManager,org.apache.cxf.wsdl.WSDLManager,org.apache.cxf.phase.PhaseManager,org.apache.cxf.workqueue.WorkQueueManager,org.apache.cxf.buslifecycle.BusLifeCycleManager,org.apache.cxf.endpoint.ServerRegistry,org.apache.cxf.endpoint.ServerLifeCycleManager,org.apache.cxf.endpoint.ClientLifeCycleManager,org.apache.cxf.transports.http.QueryHandlerRegistry,org.apache.cxf.endpoint.EndpointResolverRegistry,org.apache.cxf.headers.HeaderManager,org.apache.cxf.catalog.OASISCatalogManager,org.apache.cxf.service.factory.FactoryBeanListenerManager,org.apache.cxf.endpoint.ServiceContractResolverRegistry,org.apache.cxf.binding.soap.SoapBindingFactory,org.apache.cxf.binding.soap.SoapTransportFactory,org.apache.cxf.binding.soap.customEditorConfigurer,org.apache.cxf.transport.http.policy.HTTPClientAssertionBuilder,org.apache.cxf.transport.http.policy.HTTPServerAssertionBuilder,org.apache.cxf.transport.http.policy.NoOpPolicyInterceptorProvider,org.apache.cxf.transport.http.ClientOnlyHTTPTransportFactory,org.apache.cxf.transport.servlet.ServletTransportFactory,inquiry,publish,security,subscription,subscription-listener,custody-transfer,juddi-api]; root of factory hierarchy
ene 17, 2014 7:40:56 PM org.apache.cxf.service.factory.ReflectionServiceFactoryBean buildServiceFromClass
Información: Creating Service {urn:uddi-org:v3_service}UDDIInquiryService from class org.uddi.v3_service.UDDIInquiryPortType
ene 17, 2014 7:40:58 PM org.apache.cxf.endpoint.ServerImpl initDestination
Información: Setting the server's publish address to be /inquiry
ene 17, 2014 7:40:58 PM org.apache.cxf.service.factory.ReflectionServiceFactoryBean buildServiceFromClass
Información: Creating Service {urn:uddi-org:v3_service}UDDIPublicationService from class org.uddi.v3_service.UDDIPublicationPortType
ene 17, 2014 7:40:59 PM org.apache.cxf.endpoint.ServerImpl initDestination
Información: Setting the server's publish address to be /publish
ene 17, 2014 7:40:59 PM org.apache.cxf.service.factory.ReflectionServiceFactoryBean buildServiceFromClass
Información: Creating Service {urn:uddi-org:v3_service}UDDISecurityService from class org.uddi.v3_service.UDDISecurityPortType
ene 17, 2014 7:40:59 PM org.apache.cxf.endpoint.ServerImpl initDestination
Información: Setting the server's publish address to be /security
ene 17, 2014 7:40:59 PM org.apache.cxf.service.factory.ReflectionServiceFactoryBean buildServiceFromClass
Información: Creating Service {urn:uddi-org:v3_service}UDDISubscriptionService from class org.uddi.v3_service.UDDISubscriptionPortType
ene 17, 2014 7:40:59 PM org.apache.cxf.endpoint.ServerImpl initDestination
Información: Setting the server's publish address to be /subscription
ene 17, 2014 7:40:59 PM org.apache.cxf.service.factory.ReflectionServiceFactoryBean buildServiceFromClass
Información: Creating Service {urn:uddi-org:v3_service}UDDISubscriptionListenerService from class org.uddi.v3_service.UDDISubscriptionListenerPortType
ene 17, 2014 7:41:00 PM org.apache.cxf.endpoint.ServerImpl initDestination
Información: Setting the server's publish address to be /subscription-listener
ene 17, 2014 7:41:00 PM org.apache.cxf.service.factory.ReflectionServiceFactoryBean buildServiceFromClass
Información: Creating Service {urn:uddi-org:v3_service}UDDICustodyTransferService from class org.uddi.v3_service.UDDICustodyTransferPortType
ene 17, 2014 7:41:00 PM org.apache.cxf.endpoint.ServerImpl initDestination
Información: Setting the server's publish address to be /custody-transfer
ene 17, 2014 7:41:00 PM org.apache.cxf.service.factory.ReflectionServiceFactoryBean buildServiceFromClass
Información: Creating Service {urn:juddi-apache-org:v3_service}JUDDIApiService from class org.apache.juddi.v3_service.JUDDIApiPortType
ene 17, 2014 7:41:00 PM org.apache.cxf.endpoint.ServerImpl initDestination
Información: Setting the server's publish address to be /juddi-api
ene 17, 2014 7:41:00 PM org.springframework.web.context.ContextLoader initWebApplicationContext
Información: Root WebApplicationContext: initialization completed in 6304 ms
ene 17, 2014 7:41:00 PM org.apache.juddi.Registry start
Información: Starting jUDDI registry...
ene 17, 2014 7:41:00 PM org.apache.juddi.config.AppConfig loadConfiguration
Información: Reading from properties file:  file:/C:/Users/fawques/Documents/SOR/libSOR/lib/juddi-distro-3.1.5/juddi-tomcat-3.1.5/webapps/juddiv3/WEB-INF/classes/juddiv3.properties
ene 17, 2014 7:41:12 PM org.apache.juddi.Registry start
Información: jUDDI registry started succesfully.
ene 17, 2014 7:41:12 PM org.apache.cxf.transport.servlet.CXFServlet updateContext
Información: Load the bus with application context
ene 17, 2014 7:41:12 PM org.springframework.context.support.AbstractApplicationContext prepareRefresh
Información: Refreshing org.apache.cxf.bus.spring.BusApplicationContext@b589251: startup date [Fri Jan 17 19:41:12 CET 2014]; parent: Root WebApplicationContext
ene 17, 2014 7:41:12 PM org.springframework.beans.factory.support.DefaultListableBeanFactory preInstantiateSingletons
Información: Pre-instantiating singletons in org.springframework.beans.factory.support.DefaultListableBeanFactory@4c120db2: defining beans []; parent: org.springframework.beans.factory.support.DefaultListableBeanFactory@57d51956
ene 17, 2014 7:41:13 PM org.apache.cxf.transport.servlet.AbstractCXFServlet replaceDestinationFactory
Información: Servlet transport factory already registered 
ene 17, 2014 7:41:13 PM org.apache.catalina.startup.HostConfig deployDescriptor
Información: Desplieque del descriptor de configuración manager.xml
ene 17, 2014 7:41:13 PM org.apache.catalina.startup.HostConfig deployDirectory
Información: Despliegue del directorio docs de la aplicación web
ene 17, 2014 7:41:13 PM org.apache.catalina.startup.HostConfig deployDirectory
Información: Despliegue del directorio examples de la aplicación web
ene 17, 2014 7:41:13 PM org.apache.catalina.startup.HostConfig deployDirectory
Información: Despliegue del directorio ROOT de la aplicación web
ene 17, 2014 7:41:13 PM org.apache.coyote.http11.Http11Protocol start
Información: Arrancando Coyote HTTP/1.1 en puerto http-8081
ene 17, 2014 7:41:14 PM org.apache.jk.common.ChannelSocket init
Información: JK: ajp13 listening on /0.0.0.0:8009
ene 17, 2014 7:41:14 PM org.apache.jk.server.JkMain start
Información: Jk running ID=0 time=0/161  config=null
ene 17, 2014 7:41:14 PM org.apache.catalina.startup.Catalina start
Información: Server startup in 21343 ms
ene 17, 2014 8:18:15 PM org.apache.cxf.phase.PhaseInterceptorChain doDefaultLogging
Advertencia: Interceptor for {urn:uddi-org:v3_service}UDDIInquiryService#{urn:uddi-org:v3_service}find_service has thrown exception, unwinding now
org.apache.cxf.interceptor.Fault: Unmarshalling Error: Unexpected close tag </urn:find_service>; expected </urn:find_business>.
 at [row,col {unknown-source}]: [9,24] 
	at org.apache.cxf.jaxb.JAXBEncoderDecoder.unmarshall(JAXBEncoderDecoder.java:787)
	at org.apache.cxf.jaxb.JAXBEncoderDecoder.unmarshall(JAXBEncoderDecoder.java:628)
	at org.apache.cxf.jaxb.io.DataReaderImpl.read(DataReaderImpl.java:133)
	at org.apache.cxf.interceptor.DocLiteralInInterceptor.handleMessage(DocLiteralInInterceptor.java:198)
	at org.apache.cxf.phase.PhaseInterceptorChain.doIntercept(PhaseInterceptorChain.java:255)
	at org.apache.cxf.transport.ChainInitiationObserver.onMessage(ChainInitiationObserver.java:113)
	at org.apache.cxf.transport.servlet.ServletDestination.invoke(ServletDestination.java:97)
	at org.apache.cxf.transport.servlet.ServletController.invokeDestination(ServletController.java:461)
	at org.apache.cxf.transport.servlet.ServletController.invoke(ServletController.java:188)
	at org.apache.cxf.transport.servlet.AbstractCXFServlet.invoke(AbstractCXFServlet.java:148)
	at org.apache.cxf.transport.servlet.AbstractHTTPServlet.handleRequest(AbstractHTTPServlet.java:179)
	at org.apache.cxf.transport.servlet.AbstractHTTPServlet.doPost(AbstractHTTPServlet.java:103)
	at javax.servlet.http.HttpServlet.service(HttpServlet.java:637)
	at org.apache.cxf.transport.servlet.AbstractHTTPServlet.service(AbstractHTTPServlet.java:159)
	at org.apache.catalina.core.ApplicationFilterChain.internalDoFilter(ApplicationFilterChain.java:290)
	at org.apache.catalina.core.ApplicationFilterChain.doFilter(ApplicationFilterChain.java:206)
	at org.apache.catalina.core.StandardWrapperValve.invoke(StandardWrapperValve.java:233)
	at org.apache.catalina.core.StandardContextValve.invoke(StandardContextValve.java:191)
	at org.apache.catalina.core.StandardHostValve.invoke(StandardHostValve.java:127)
	at org.apache.catalina.valves.ErrorReportValve.invoke(ErrorReportValve.java:102)
	at org.apache.catalina.authenticator.SingleSignOn.invoke(SingleSignOn.java:394)
	at org.apache.catalina.core.StandardEngineValve.invoke(StandardEngineValve.java:109)
	at org.apache.catalina.connector.CoyoteAdapter.service(CoyoteAdapter.java:298)
	at org.apache.coyote.http11.Http11Processor.process(Http11Processor.java:852)
	at org.apache.coyote.http11.Http11Protocol$Http11ConnectionHandler.process(Http11Protocol.java:588)
	at org.apache.tomcat.util.net.JIoEndpoint$Worker.run(JIoEndpoint.java:489)
	at java.lang.Thread.run(Thread.java:744)
Caused by: javax.xml.bind.UnmarshalException
 - with linked exception:
[com.ctc.wstx.exc.WstxParsingException: Unexpected close tag </urn:find_service>; expected </urn:find_business>.
 at [row,col {unknown-source}]: [9,24]]
	at com.sun.xml.bind.v2.runtime.unmarshaller.UnmarshallerImpl.handleStreamException(UnmarshallerImpl.java:426)
	at com.sun.xml.bind.v2.runtime.unmarshaller.UnmarshallerImpl.unmarshal0(UnmarshallerImpl.java:362)
	at com.sun.xml.bind.v2.runtime.unmarshaller.UnmarshallerImpl.unmarshal(UnmarshallerImpl.java:339)
	at org.apache.cxf.jaxb.JAXBEncoderDecoder.unmarshall(JAXBEncoderDecoder.java:764)
	... 26 more
Caused by: com.ctc.wstx.exc.WstxParsingException: Unexpected close tag </urn:find_service>; expected </urn:find_business>.
 at [row,col {unknown-source}]: [9,24]
	at com.ctc.wstx.sr.StreamScanner.constructWfcException(StreamScanner.java:612)
	at com.ctc.wstx.sr.StreamScanner.throwParseError(StreamScanner.java:485)
	at com.ctc.wstx.sr.StreamScanner.throwParseError(StreamScanner.java:470)
	at com.ctc.wstx.sr.BasicStreamReader.reportWrongEndElem(BasicStreamReader.java:3231)
	at com.ctc.wstx.sr.BasicStreamReader.readEndElem(BasicStreamReader.java:3158)
	at com.ctc.wstx.sr.BasicStreamReader.nextFromTree(BasicStreamReader.java:2775)
	at com.ctc.wstx.sr.BasicStreamReader.next(BasicStreamReader.java:1048)
	at org.apache.cxf.staxutils.DepthXMLStreamReader.next(DepthXMLStreamReader.java:220)
	at com.sun.xml.bind.v2.runtime.unmarshaller.StAXStreamConnector.bridge(StAXStreamConnector.java:192)
	at com.sun.xml.bind.v2.runtime.unmarshaller.UnmarshallerImpl.unmarshal0(UnmarshallerImpl.java:360)
	... 28 more

ene 17, 2014 9:16:16 PM org.apache.catalina.core.AprLifecycleListener init
Información: La biblioteca nativa de Apache Tomcat basada en ARP que permite un rendimiento óptimo en entornos de desarrollo no ha sido hallada en java.library.path: C:\Program Files\Java\jdk1.7.0_45\bin;C:\WINDOWS\Sun\Java\bin;C:\WINDOWS\system32;C:\WINDOWS;C:\Program Files (x86)\NVIDIA Corporation\PhysX\Common;C:\WINDOWS\system32;C:\WINDOWS;C:\WINDOWS\System32\Wbem;C:\WINDOWS\System32\WindowsPowerShell\v1.0\;C:\Program Files (x86)\Windows Kits\8.1\Windows Performance Toolkit\;C:\Program Files\Microsoft SQL Server\110\Tools\Binn\;C:\Program Files (x86)\MySQL\MySQL Utilities 1.3.4\;.
ene 17, 2014 9:16:16 PM org.apache.coyote.http11.Http11Protocol init
Información: Inicializando Coyote HTTP/1.1 en puerto http-8081
ene 17, 2014 9:16:16 PM org.apache.catalina.startup.Catalina load
Información: Initialization processed in 606 ms
ene 17, 2014 9:16:16 PM org.apache.catalina.core.StandardService start
Información: Arrancando servicio Catalina
ene 17, 2014 9:16:16 PM org.apache.catalina.core.StandardEngine start
Información: Starting Servlet Engine: Apache Tomcat/6.0.26
ene 17, 2014 9:16:16 PM org.apache.catalina.startup.HostConfig deployDescriptor
Información: Desplieque del descriptor de configuración host-manager.xml
ene 17, 2014 9:16:17 PM org.apache.catalina.startup.HostConfig deployDescriptor
Información: Desplieque del descriptor de configuración juddiv3.xml
ene 17, 2014 9:16:18 PM org.springframework.web.context.ContextLoader initWebApplicationContext
Información: Root WebApplicationContext: initialization started
ene 17, 2014 9:16:18 PM org.springframework.context.support.AbstractApplicationContext prepareRefresh
Información: Refreshing Root WebApplicationContext: startup date [Fri Jan 17 21:16:18 CET 2014]; root of context hierarchy
ene 17, 2014 9:16:18 PM org.springframework.beans.factory.xml.XmlBeanDefinitionReader loadBeanDefinitions
Información: Loading XML bean definitions from ServletContext resource [/WEB-INF/beans.xml]
ene 17, 2014 9:16:18 PM org.springframework.beans.factory.xml.XmlBeanDefinitionReader loadBeanDefinitions
Información: Loading XML bean definitions from class path resource [META-INF/cxf/cxf.xml]
ene 17, 2014 9:16:19 PM org.springframework.beans.factory.xml.XmlBeanDefinitionReader loadBeanDefinitions
Información: Loading XML bean definitions from class path resource [META-INF/cxf/cxf-extension-soap.xml]
ene 17, 2014 9:16:19 PM org.springframework.beans.factory.xml.XmlBeanDefinitionReader loadBeanDefinitions
Información: Loading XML bean definitions from class path resource [META-INF/cxf/cxf-servlet.xml]
ene 17, 2014 9:16:19 PM org.springframework.beans.factory.xml.XmlBeanDefinitionReader loadBeanDefinitions
Información: Loading XML bean definitions from class path resource [META-INF/cxf/cxf-extension-http.xml]
ene 17, 2014 9:16:19 PM org.apache.juddi.api.impl.UDDIServiceCounter getServer
Información: Found MBean server
ene 17, 2014 9:16:20 PM org.apache.juddi.api.impl.UDDIServiceCounter getServer
Información: Found MBean server
ene 17, 2014 9:16:20 PM org.apache.juddi.api.impl.UDDIServiceCounter getServer
Información: Found MBean server
ene 17, 2014 9:16:20 PM org.apache.juddi.api.impl.UDDIServiceCounter getServer
Información: Found MBean server
ene 17, 2014 9:16:20 PM org.apache.juddi.api.impl.UDDIServiceCounter getServer
Información: Found MBean server
ene 17, 2014 9:16:21 PM org.springframework.beans.factory.support.DefaultListableBeanFactory preInstantiateSingletons
Información: Pre-instantiating singletons in org.springframework.beans.factory.support.DefaultListableBeanFactory@23e5fd87: defining beans [cxf,org.apache.cxf.bus.spring.BusApplicationListener,org.apache.cxf.bus.spring.BusWiringBeanFactoryPostProcessor,org.apache.cxf.bus.spring.Jsr250BeanPostProcessor,org.apache.cxf.bus.spring.BusExtensionPostProcessor,org.apache.cxf.resource.ResourceManager,org.apache.cxf.configuration.Configurer,org.apache.cxf.binding.BindingFactoryManager,org.apache.cxf.transport.DestinationFactoryManager,org.apache.cxf.transport.ConduitInitiatorManager,org.apache.cxf.wsdl.WSDLManager,org.apache.cxf.phase.PhaseManager,org.apache.cxf.workqueue.WorkQueueManager,org.apache.cxf.buslifecycle.BusLifeCycleManager,org.apache.cxf.endpoint.ServerRegistry,org.apache.cxf.endpoint.ServerLifeCycleManager,org.apache.cxf.endpoint.ClientLifeCycleManager,org.apache.cxf.transports.http.QueryHandlerRegistry,org.apache.cxf.endpoint.EndpointResolverRegistry,org.apache.cxf.headers.HeaderManager,org.apache.cxf.catalog.OASISCatalogManager,org.apache.cxf.service.factory.FactoryBeanListenerManager,org.apache.cxf.endpoint.ServiceContractResolverRegistry,org.apache.cxf.binding.soap.SoapBindingFactory,org.apache.cxf.binding.soap.SoapTransportFactory,org.apache.cxf.binding.soap.customEditorConfigurer,org.apache.cxf.transport.http.policy.HTTPClientAssertionBuilder,org.apache.cxf.transport.http.policy.HTTPServerAssertionBuilder,org.apache.cxf.transport.http.policy.NoOpPolicyInterceptorProvider,org.apache.cxf.transport.http.ClientOnlyHTTPTransportFactory,org.apache.cxf.transport.servlet.ServletTransportFactory,inquiry,publish,security,subscription,subscription-listener,custody-transfer,juddi-api]; root of factory hierarchy
ene 17, 2014 9:16:22 PM org.apache.cxf.service.factory.ReflectionServiceFactoryBean buildServiceFromClass
Información: Creating Service {urn:uddi-org:v3_service}UDDIInquiryService from class org.uddi.v3_service.UDDIInquiryPortType
ene 17, 2014 9:16:26 PM org.apache.cxf.endpoint.ServerImpl initDestination
Información: Setting the server's publish address to be /inquiry
ene 17, 2014 9:16:26 PM org.apache.cxf.service.factory.ReflectionServiceFactoryBean buildServiceFromClass
Información: Creating Service {urn:uddi-org:v3_service}UDDIPublicationService from class org.uddi.v3_service.UDDIPublicationPortType
ene 17, 2014 9:16:27 PM org.apache.cxf.endpoint.ServerImpl initDestination
Información: Setting the server's publish address to be /publish
ene 17, 2014 9:16:28 PM org.apache.cxf.service.factory.ReflectionServiceFactoryBean buildServiceFromClass
Información: Creating Service {urn:uddi-org:v3_service}UDDISecurityService from class org.uddi.v3_service.UDDISecurityPortType
ene 17, 2014 9:16:28 PM org.apache.cxf.endpoint.ServerImpl initDestination
Información: Setting the server's publish address to be /security
ene 17, 2014 9:16:28 PM org.apache.cxf.service.factory.ReflectionServiceFactoryBean buildServiceFromClass
Información: Creating Service {urn:uddi-org:v3_service}UDDISubscriptionService from class org.uddi.v3_service.UDDISubscriptionPortType
ene 17, 2014 9:16:29 PM org.apache.cxf.endpoint.ServerImpl initDestination
Información: Setting the server's publish address to be /subscription
ene 17, 2014 9:16:29 PM org.apache.cxf.service.factory.ReflectionServiceFactoryBean buildServiceFromClass
Información: Creating Service {urn:uddi-org:v3_service}UDDISubscriptionListenerService from class org.uddi.v3_service.UDDISubscriptionListenerPortType
ene 17, 2014 9:16:30 PM org.apache.cxf.endpoint.ServerImpl initDestination
Información: Setting the server's publish address to be /subscription-listener
ene 17, 2014 9:16:30 PM org.apache.cxf.service.factory.ReflectionServiceFactoryBean buildServiceFromClass
Información: Creating Service {urn:uddi-org:v3_service}UDDICustodyTransferService from class org.uddi.v3_service.UDDICustodyTransferPortType
ene 17, 2014 9:16:30 PM org.apache.cxf.endpoint.ServerImpl initDestination
Información: Setting the server's publish address to be /custody-transfer
ene 17, 2014 9:16:30 PM org.apache.cxf.service.factory.ReflectionServiceFactoryBean buildServiceFromClass
Información: Creating Service {urn:juddi-apache-org:v3_service}JUDDIApiService from class org.apache.juddi.v3_service.JUDDIApiPortType
ene 17, 2014 9:16:30 PM org.apache.cxf.endpoint.ServerImpl initDestination
Información: Setting the server's publish address to be /juddi-api
ene 17, 2014 9:16:30 PM org.springframework.web.context.ContextLoader initWebApplicationContext
Información: Root WebApplicationContext: initialization completed in 12455 ms
ene 17, 2014 9:16:30 PM org.apache.juddi.Registry start
Información: Starting jUDDI registry...
ene 17, 2014 9:16:31 PM org.apache.juddi.config.AppConfig loadConfiguration
Información: Reading from properties file:  file:/C:/Users/fawques/Documents/SOR/libSOR/lib/juddi-distro-3.1.5/juddi-tomcat-3.1.5/webapps/juddiv3/WEB-INF/classes/juddiv3.properties
ene 17, 2014 9:16:49 PM org.apache.juddi.Registry start
Información: jUDDI registry started succesfully.
ene 17, 2014 9:16:49 PM org.apache.cxf.transport.servlet.CXFServlet updateContext
Información: Load the bus with application context
ene 17, 2014 9:16:49 PM org.springframework.context.support.AbstractApplicationContext prepareRefresh
Información: Refreshing org.apache.cxf.bus.spring.BusApplicationContext@2c8990e7: startup date [Fri Jan 17 21:16:49 CET 2014]; parent: Root WebApplicationContext
ene 17, 2014 9:16:50 PM org.springframework.beans.factory.support.DefaultListableBeanFactory preInstantiateSingletons
Información: Pre-instantiating singletons in org.springframework.beans.factory.support.DefaultListableBeanFactory@15deb678: defining beans []; parent: org.springframework.beans.factory.support.DefaultListableBeanFactory@23e5fd87
ene 17, 2014 9:16:50 PM org.apache.cxf.transport.servlet.AbstractCXFServlet replaceDestinationFactory
Información: Servlet transport factory already registered 
ene 17, 2014 9:16:50 PM org.apache.catalina.startup.HostConfig deployDescriptor
Información: Desplieque del descriptor de configuración manager.xml
ene 17, 2014 9:16:50 PM org.apache.catalina.startup.HostConfig deployDirectory
Información: Despliegue del directorio docs de la aplicación web
ene 17, 2014 9:16:51 PM org.apache.catalina.startup.HostConfig deployDirectory
Información: Despliegue del directorio examples de la aplicación web
ene 17, 2014 9:16:52 PM org.apache.catalina.startup.HostConfig deployDirectory
Información: Despliegue del directorio ROOT de la aplicación web
ene 17, 2014 9:16:52 PM org.apache.coyote.http11.Http11Protocol start
Información: Arrancando Coyote HTTP/1.1 en puerto http-8081
ene 17, 2014 9:16:52 PM org.apache.jk.common.ChannelSocket init
Información: JK: ajp13 listening on /0.0.0.0:8009
ene 17, 2014 9:16:52 PM org.apache.jk.server.JkMain start
Información: Jk running ID=0 time=0/307  config=null
ene 17, 2014 9:16:52 PM org.apache.catalina.startup.Catalina start
Información: Server startup in 35935 ms
ene 17, 2014 11:30:34 PM org.apache.catalina.core.AprLifecycleListener init
Información: La biblioteca nativa de Apache Tomcat basada en ARP que permite un rendimiento óptimo en entornos de desarrollo no ha sido hallada en java.library.path: C:\Program Files\Java\jdk1.7.0_45\bin;C:\WINDOWS\Sun\Java\bin;C:\WINDOWS\system32;C:\WINDOWS;C:\Program Files (x86)\NVIDIA Corporation\PhysX\Common;C:\WINDOWS\system32;C:\WINDOWS;C:\WINDOWS\System32\Wbem;C:\WINDOWS\System32\WindowsPowerShell\v1.0\;C:\Program Files (x86)\Windows Kits\8.1\Windows Performance Toolkit\;C:\Program Files\Microsoft SQL Server\110\Tools\Binn\;C:\Program Files (x86)\MySQL\MySQL Utilities 1.3.4\;.
ene 17, 2014 11:30:35 PM org.apache.coyote.http11.Http11Protocol init
Información: Inicializando Coyote HTTP/1.1 en puerto http-8081
ene 17, 2014 11:30:35 PM org.apache.catalina.startup.Catalina load
Información: Initialization processed in 1858 ms
ene 17, 2014 11:30:35 PM org.apache.catalina.core.StandardService start
Información: Arrancando servicio Catalina
ene 17, 2014 11:30:35 PM org.apache.catalina.core.StandardEngine start
Información: Starting Servlet Engine: Apache Tomcat/6.0.26
ene 17, 2014 11:30:35 PM org.apache.catalina.startup.HostConfig deployDescriptor
Información: Desplieque del descriptor de configuración host-manager.xml
ene 17, 2014 11:30:36 PM org.apache.catalina.startup.HostConfig deployDescriptor
Información: Desplieque del descriptor de configuración juddiv3.xml
ene 17, 2014 11:30:40 PM org.springframework.web.context.ContextLoader initWebApplicationContext
Información: Root WebApplicationContext: initialization started
ene 17, 2014 11:30:40 PM org.springframework.context.support.AbstractApplicationContext prepareRefresh
Información: Refreshing Root WebApplicationContext: startup date [Fri Jan 17 23:30:40 CET 2014]; root of context hierarchy
ene 17, 2014 11:30:40 PM org.springframework.beans.factory.xml.XmlBeanDefinitionReader loadBeanDefinitions
Información: Loading XML bean definitions from ServletContext resource [/WEB-INF/beans.xml]
ene 17, 2014 11:30:41 PM org.springframework.beans.factory.xml.XmlBeanDefinitionReader loadBeanDefinitions
Información: Loading XML bean definitions from class path resource [META-INF/cxf/cxf.xml]
ene 17, 2014 11:30:41 PM org.springframework.beans.factory.xml.XmlBeanDefinitionReader loadBeanDefinitions
Información: Loading XML bean definitions from class path resource [META-INF/cxf/cxf-extension-soap.xml]
ene 17, 2014 11:30:41 PM org.springframework.beans.factory.xml.XmlBeanDefinitionReader loadBeanDefinitions
Información: Loading XML bean definitions from class path resource [META-INF/cxf/cxf-servlet.xml]
ene 17, 2014 11:30:41 PM org.springframework.beans.factory.xml.XmlBeanDefinitionReader loadBeanDefinitions
Información: Loading XML bean definitions from class path resource [META-INF/cxf/cxf-extension-http.xml]
ene 17, 2014 11:30:42 PM org.apache.juddi.api.impl.UDDIServiceCounter getServer
Información: Found MBean server
ene 17, 2014 11:30:42 PM org.apache.juddi.api.impl.UDDIServiceCounter getServer
Información: Found MBean server
ene 17, 2014 11:30:42 PM org.apache.juddi.api.impl.UDDIServiceCounter getServer
Información: Found MBean server
ene 17, 2014 11:30:42 PM org.apache.juddi.api.impl.UDDIServiceCounter getServer
Información: Found MBean server
ene 17, 2014 11:30:42 PM org.apache.juddi.api.impl.UDDIServiceCounter getServer
Información: Found MBean server
ene 17, 2014 11:30:43 PM org.springframework.beans.factory.support.DefaultListableBeanFactory preInstantiateSingletons
Información: Pre-instantiating singletons in org.springframework.beans.factory.support.DefaultListableBeanFactory@48097a51: defining beans [cxf,org.apache.cxf.bus.spring.BusApplicationListener,org.apache.cxf.bus.spring.BusWiringBeanFactoryPostProcessor,org.apache.cxf.bus.spring.Jsr250BeanPostProcessor,org.apache.cxf.bus.spring.BusExtensionPostProcessor,org.apache.cxf.resource.ResourceManager,org.apache.cxf.configuration.Configurer,org.apache.cxf.binding.BindingFactoryManager,org.apache.cxf.transport.DestinationFactoryManager,org.apache.cxf.transport.ConduitInitiatorManager,org.apache.cxf.wsdl.WSDLManager,org.apache.cxf.phase.PhaseManager,org.apache.cxf.workqueue.WorkQueueManager,org.apache.cxf.buslifecycle.BusLifeCycleManager,org.apache.cxf.endpoint.ServerRegistry,org.apache.cxf.endpoint.ServerLifeCycleManager,org.apache.cxf.endpoint.ClientLifeCycleManager,org.apache.cxf.transports.http.QueryHandlerRegistry,org.apache.cxf.endpoint.EndpointResolverRegistry,org.apache.cxf.headers.HeaderManager,org.apache.cxf.catalog.OASISCatalogManager,org.apache.cxf.service.factory.FactoryBeanListenerManager,org.apache.cxf.endpoint.ServiceContractResolverRegistry,org.apache.cxf.binding.soap.SoapBindingFactory,org.apache.cxf.binding.soap.SoapTransportFactory,org.apache.cxf.binding.soap.customEditorConfigurer,org.apache.cxf.transport.http.policy.HTTPClientAssertionBuilder,org.apache.cxf.transport.http.policy.HTTPServerAssertionBuilder,org.apache.cxf.transport.http.policy.NoOpPolicyInterceptorProvider,org.apache.cxf.transport.http.ClientOnlyHTTPTransportFactory,org.apache.cxf.transport.servlet.ServletTransportFactory,inquiry,publish,security,subscription,subscription-listener,custody-transfer,juddi-api]; root of factory hierarchy
ene 17, 2014 11:30:45 PM org.apache.cxf.service.factory.ReflectionServiceFactoryBean buildServiceFromClass
Información: Creating Service {urn:uddi-org:v3_service}UDDIInquiryService from class org.uddi.v3_service.UDDIInquiryPortType
ene 17, 2014 11:30:51 PM org.apache.cxf.endpoint.ServerImpl initDestination
Información: Setting the server's publish address to be /inquiry
ene 17, 2014 11:30:51 PM org.apache.cxf.service.factory.ReflectionServiceFactoryBean buildServiceFromClass
Información: Creating Service {urn:uddi-org:v3_service}UDDIPublicationService from class org.uddi.v3_service.UDDIPublicationPortType
ene 17, 2014 11:30:53 PM org.apache.cxf.endpoint.ServerImpl initDestination
Información: Setting the server's publish address to be /publish
ene 17, 2014 11:30:53 PM org.apache.cxf.service.factory.ReflectionServiceFactoryBean buildServiceFromClass
Información: Creating Service {urn:uddi-org:v3_service}UDDISecurityService from class org.uddi.v3_service.UDDISecurityPortType
ene 17, 2014 11:30:55 PM org.apache.cxf.endpoint.ServerImpl initDestination
Información: Setting the server's publish address to be /security
ene 17, 2014 11:30:55 PM org.apache.cxf.service.factory.ReflectionServiceFactoryBean buildServiceFromClass
Información: Creating Service {urn:uddi-org:v3_service}UDDISubscriptionService from class org.uddi.v3_service.UDDISubscriptionPortType
ene 17, 2014 11:30:56 PM org.apache.cxf.endpoint.ServerImpl initDestination
Información: Setting the server's publish address to be /subscription
ene 17, 2014 11:30:56 PM org.apache.cxf.service.factory.ReflectionServiceFactoryBean buildServiceFromClass
Información: Creating Service {urn:uddi-org:v3_service}UDDISubscriptionListenerService from class org.uddi.v3_service.UDDISubscriptionListenerPortType
ene 17, 2014 11:30:57 PM org.apache.cxf.endpoint.ServerImpl initDestination
Información: Setting the server's publish address to be /subscription-listener
ene 17, 2014 11:30:57 PM org.apache.cxf.service.factory.ReflectionServiceFactoryBean buildServiceFromClass
Información: Creating Service {urn:uddi-org:v3_service}UDDICustodyTransferService from class org.uddi.v3_service.UDDICustodyTransferPortType
ene 17, 2014 11:30:58 PM org.apache.cxf.endpoint.ServerImpl initDestination
Información: Setting the server's publish address to be /custody-transfer
ene 17, 2014 11:30:58 PM org.apache.cxf.service.factory.ReflectionServiceFactoryBean buildServiceFromClass
Información: Creating Service {urn:juddi-apache-org:v3_service}JUDDIApiService from class org.apache.juddi.v3_service.JUDDIApiPortType
ene 17, 2014 11:30:59 PM org.apache.cxf.endpoint.ServerImpl initDestination
Información: Setting the server's publish address to be /juddi-api
ene 17, 2014 11:30:59 PM org.springframework.web.context.ContextLoader initWebApplicationContext
Información: Root WebApplicationContext: initialization completed in 18891 ms
ene 17, 2014 11:30:59 PM org.apache.juddi.Registry start
Información: Starting jUDDI registry...
ene 17, 2014 11:30:59 PM org.apache.juddi.config.AppConfig loadConfiguration
Información: Reading from properties file:  file:/C:/Users/fawques/Documents/SOR/libSOR/lib/juddi-distro-3.1.5/juddi-tomcat-3.1.5/webapps/juddiv3/WEB-INF/classes/juddiv3.properties
ene 17, 2014 11:31:17 PM org.apache.juddi.Registry start
Información: jUDDI registry started succesfully.
ene 17, 2014 11:31:17 PM org.apache.cxf.transport.servlet.CXFServlet updateContext
Información: Load the bus with application context
ene 17, 2014 11:31:17 PM org.springframework.context.support.AbstractApplicationContext prepareRefresh
Información: Refreshing org.apache.cxf.bus.spring.BusApplicationContext@775feb51: startup date [Fri Jan 17 23:31:17 CET 2014]; parent: Root WebApplicationContext
ene 17, 2014 11:31:18 PM org.springframework.beans.factory.support.DefaultListableBeanFactory preInstantiateSingletons
Información: Pre-instantiating singletons in org.springframework.beans.factory.support.DefaultListableBeanFactory@51a28dae: defining beans []; parent: org.springframework.beans.factory.support.DefaultListableBeanFactory@48097a51
ene 17, 2014 11:31:18 PM org.apache.cxf.transport.servlet.AbstractCXFServlet replaceDestinationFactory
Información: Servlet transport factory already registered 
ene 17, 2014 11:31:18 PM org.apache.catalina.startup.HostConfig deployDescriptor
Información: Desplieque del descriptor de configuración manager.xml
ene 17, 2014 11:31:18 PM org.apache.catalina.startup.HostConfig deployDirectory
Información: Despliegue del directorio docs de la aplicación web
ene 17, 2014 11:31:19 PM org.apache.catalina.startup.HostConfig deployDirectory
Información: Despliegue del directorio examples de la aplicación web
ene 17, 2014 11:31:20 PM org.apache.catalina.startup.HostConfig deployDirectory
Información: Despliegue del directorio ROOT de la aplicación web
ene 17, 2014 11:31:21 PM org.apache.coyote.http11.Http11Protocol start
Información: Arrancando Coyote HTTP/1.1 en puerto http-8081
ene 17, 2014 11:31:21 PM org.apache.jk.common.ChannelSocket init
Información: JK: ajp13 listening on /0.0.0.0:8009
ene 17, 2014 11:31:21 PM org.apache.jk.server.JkMain start
Información: Jk running ID=0 time=0/209  config=null
ene 17, 2014 11:31:21 PM org.apache.catalina.startup.Catalina start
Información: Server startup in 46317 ms
