ene 25, 2014 12:30:50 PM org.apache.catalina.core.AprLifecycleListener init
Información: La biblioteca nativa de Apache Tomcat basada en ARP que permite un rendimiento óptimo en entornos de desarrollo no ha sido hallada en java.library.path: C:\Program Files\Java\jdk1.7.0_45\bin;C:\WINDOWS\Sun\Java\bin;C:\WINDOWS\system32;C:\WINDOWS;C:\Program Files (x86)\NVIDIA Corporation\PhysX\Common;C:\WINDOWS\system32;C:\WINDOWS;C:\WINDOWS\System32\Wbem;C:\WINDOWS\System32\WindowsPowerShell\v1.0\;C:\Program Files (x86)\Windows Kits\8.1\Windows Performance Toolkit\;C:\Program Files\Microsoft SQL Server\110\Tools\Binn\;C:\Program Files (x86)\MySQL\MySQL Utilities 1.3.6\;C:\Program Files\Microsoft\Web Platform Installer\;C:\Program Files (x86)\Microsoft ASP.NET\ASP.NET Web Pages\v1.0\;.
ene 25, 2014 12:30:50 PM org.apache.coyote.http11.Http11Protocol init
Información: Inicializando Coyote HTTP/1.1 en puerto http-8081
ene 25, 2014 12:30:50 PM org.apache.catalina.startup.Catalina load
Información: Initialization processed in 1035 ms
ene 25, 2014 12:30:50 PM org.apache.catalina.core.StandardService start
Información: Arrancando servicio Catalina
ene 25, 2014 12:30:50 PM org.apache.catalina.core.StandardEngine start
Información: Starting Servlet Engine: Apache Tomcat/6.0.26
ene 25, 2014 12:30:50 PM org.apache.catalina.startup.HostConfig deployDescriptor
Información: Desplieque del descriptor de configuración host-manager.xml
ene 25, 2014 12:30:51 PM org.apache.catalina.startup.HostConfig deployDescriptor
Información: Desplieque del descriptor de configuración juddiv3.xml
ene 25, 2014 12:30:53 PM org.springframework.web.context.ContextLoader initWebApplicationContext
Información: Root WebApplicationContext: initialization started
ene 25, 2014 12:30:53 PM org.springframework.context.support.AbstractApplicationContext prepareRefresh
Información: Refreshing Root WebApplicationContext: startup date [Sat Jan 25 12:30:53 CET 2014]; root of context hierarchy
ene 25, 2014 12:30:53 PM org.springframework.beans.factory.xml.XmlBeanDefinitionReader loadBeanDefinitions
Información: Loading XML bean definitions from ServletContext resource [/WEB-INF/beans.xml]
ene 25, 2014 12:30:53 PM org.springframework.beans.factory.xml.XmlBeanDefinitionReader loadBeanDefinitions
Información: Loading XML bean definitions from class path resource [META-INF/cxf/cxf.xml]
ene 25, 2014 12:30:53 PM org.springframework.beans.factory.xml.XmlBeanDefinitionReader loadBeanDefinitions
Información: Loading XML bean definitions from class path resource [META-INF/cxf/cxf-extension-soap.xml]
ene 25, 2014 12:30:53 PM org.springframework.beans.factory.xml.XmlBeanDefinitionReader loadBeanDefinitions
Información: Loading XML bean definitions from class path resource [META-INF/cxf/cxf-servlet.xml]
ene 25, 2014 12:30:53 PM org.springframework.beans.factory.xml.XmlBeanDefinitionReader loadBeanDefinitions
Información: Loading XML bean definitions from class path resource [META-INF/cxf/cxf-extension-http.xml]
ene 25, 2014 12:30:54 PM org.apache.juddi.api.impl.UDDIServiceCounter getServer
Información: Found MBean server
ene 25, 2014 12:30:54 PM org.apache.juddi.api.impl.UDDIServiceCounter getServer
Información: Found MBean server
ene 25, 2014 12:30:54 PM org.apache.juddi.api.impl.UDDIServiceCounter getServer
Información: Found MBean server
ene 25, 2014 12:30:54 PM org.apache.juddi.api.impl.UDDIServiceCounter getServer
Información: Found MBean server
ene 25, 2014 12:30:54 PM org.apache.juddi.api.impl.UDDIServiceCounter getServer
Información: Found MBean server
ene 25, 2014 12:30:54 PM org.springframework.beans.factory.support.DefaultListableBeanFactory preInstantiateSingletons
Información: Pre-instantiating singletons in org.springframework.beans.factory.support.DefaultListableBeanFactory@69a0a8ec: defining beans [cxf,org.apache.cxf.bus.spring.BusApplicationListener,org.apache.cxf.bus.spring.BusWiringBeanFactoryPostProcessor,org.apache.cxf.bus.spring.Jsr250BeanPostProcessor,org.apache.cxf.bus.spring.BusExtensionPostProcessor,org.apache.cxf.resource.ResourceManager,org.apache.cxf.configuration.Configurer,org.apache.cxf.binding.BindingFactoryManager,org.apache.cxf.transport.DestinationFactoryManager,org.apache.cxf.transport.ConduitInitiatorManager,org.apache.cxf.wsdl.WSDLManager,org.apache.cxf.phase.PhaseManager,org.apache.cxf.workqueue.WorkQueueManager,org.apache.cxf.buslifecycle.BusLifeCycleManager,org.apache.cxf.endpoint.ServerRegistry,org.apache.cxf.endpoint.ServerLifeCycleManager,org.apache.cxf.endpoint.ClientLifeCycleManager,org.apache.cxf.transports.http.QueryHandlerRegistry,org.apache.cxf.endpoint.EndpointResolverRegistry,org.apache.cxf.headers.HeaderManager,org.apache.cxf.catalog.OASISCatalogManager,org.apache.cxf.service.factory.FactoryBeanListenerManager,org.apache.cxf.endpoint.ServiceContractResolverRegistry,org.apache.cxf.binding.soap.SoapBindingFactory,org.apache.cxf.binding.soap.SoapTransportFactory,org.apache.cxf.binding.soap.customEditorConfigurer,org.apache.cxf.transport.http.policy.HTTPClientAssertionBuilder,org.apache.cxf.transport.http.policy.HTTPServerAssertionBuilder,org.apache.cxf.transport.http.policy.NoOpPolicyInterceptorProvider,org.apache.cxf.transport.http.ClientOnlyHTTPTransportFactory,org.apache.cxf.transport.servlet.ServletTransportFactory,inquiry,publish,security,subscription,subscription-listener,custody-transfer,juddi-api]; root of factory hierarchy
ene 25, 2014 12:30:55 PM org.apache.cxf.service.factory.ReflectionServiceFactoryBean buildServiceFromClass
Información: Creating Service {urn:uddi-org:v3_service}UDDIInquiryService from class org.uddi.v3_service.UDDIInquiryPortType
ene 25, 2014 12:30:57 PM org.apache.cxf.endpoint.ServerImpl initDestination
Información: Setting the server's publish address to be /inquiry
ene 25, 2014 12:30:57 PM org.apache.cxf.service.factory.ReflectionServiceFactoryBean buildServiceFromClass
Información: Creating Service {urn:uddi-org:v3_service}UDDIPublicationService from class org.uddi.v3_service.UDDIPublicationPortType
ene 25, 2014 12:30:58 PM org.apache.cxf.endpoint.ServerImpl initDestination
Información: Setting the server's publish address to be /publish
ene 25, 2014 12:30:58 PM org.apache.cxf.service.factory.ReflectionServiceFactoryBean buildServiceFromClass
Información: Creating Service {urn:uddi-org:v3_service}UDDISecurityService from class org.uddi.v3_service.UDDISecurityPortType
ene 25, 2014 12:30:58 PM org.apache.cxf.endpoint.ServerImpl initDestination
Información: Setting the server's publish address to be /security
ene 25, 2014 12:30:58 PM org.apache.cxf.service.factory.ReflectionServiceFactoryBean buildServiceFromClass
Información: Creating Service {urn:uddi-org:v3_service}UDDISubscriptionService from class org.uddi.v3_service.UDDISubscriptionPortType
ene 25, 2014 12:30:59 PM org.apache.cxf.endpoint.ServerImpl initDestination
Información: Setting the server's publish address to be /subscription
ene 25, 2014 12:30:59 PM org.apache.cxf.service.factory.ReflectionServiceFactoryBean buildServiceFromClass
Información: Creating Service {urn:uddi-org:v3_service}UDDISubscriptionListenerService from class org.uddi.v3_service.UDDISubscriptionListenerPortType
ene 25, 2014 12:30:59 PM org.apache.cxf.endpoint.ServerImpl initDestination
Información: Setting the server's publish address to be /subscription-listener
ene 25, 2014 12:30:59 PM org.apache.cxf.service.factory.ReflectionServiceFactoryBean buildServiceFromClass
Información: Creating Service {urn:uddi-org:v3_service}UDDICustodyTransferService from class org.uddi.v3_service.UDDICustodyTransferPortType
ene 25, 2014 12:31:00 PM org.apache.cxf.endpoint.ServerImpl initDestination
Información: Setting the server's publish address to be /custody-transfer
ene 25, 2014 12:31:00 PM org.apache.cxf.service.factory.ReflectionServiceFactoryBean buildServiceFromClass
Información: Creating Service {urn:juddi-apache-org:v3_service}JUDDIApiService from class org.apache.juddi.v3_service.JUDDIApiPortType
ene 25, 2014 12:31:00 PM org.apache.cxf.endpoint.ServerImpl initDestination
Información: Setting the server's publish address to be /juddi-api
ene 25, 2014 12:31:00 PM org.springframework.web.context.ContextLoader initWebApplicationContext
Información: Root WebApplicationContext: initialization completed in 7567 ms
ene 25, 2014 12:31:00 PM org.apache.juddi.Registry start
Información: Starting jUDDI registry...
ene 25, 2014 12:31:05 PM org.apache.juddi.config.AppConfig loadConfiguration
Información: Reading from properties file:  file:/C:/Users/fawques/Documents/SOR/libSOR/lib/juddi-distro-3.1.5/juddi-tomcat-3.1.5/webapps/juddiv3/WEB-INF/classes/juddiv3.properties
ene 25, 2014 12:31:20 PM org.apache.juddi.Registry start
Información: jUDDI registry started succesfully.
ene 25, 2014 12:31:20 PM org.apache.cxf.transport.servlet.CXFServlet updateContext
Información: Load the bus with application context
ene 25, 2014 12:31:20 PM org.springframework.context.support.AbstractApplicationContext prepareRefresh
Información: Refreshing org.apache.cxf.bus.spring.BusApplicationContext@37d1b92: startup date [Sat Jan 25 12:31:20 CET 2014]; parent: Root WebApplicationContext
ene 25, 2014 12:31:20 PM org.springframework.beans.factory.support.DefaultListableBeanFactory preInstantiateSingletons
Información: Pre-instantiating singletons in org.springframework.beans.factory.support.DefaultListableBeanFactory@2503dee9: defining beans []; parent: org.springframework.beans.factory.support.DefaultListableBeanFactory@69a0a8ec
ene 25, 2014 12:31:20 PM org.apache.cxf.transport.servlet.AbstractCXFServlet replaceDestinationFactory
Información: Servlet transport factory already registered 
ene 25, 2014 12:31:20 PM org.apache.catalina.startup.HostConfig deployDescriptor
Información: Desplieque del descriptor de configuración manager.xml
ene 25, 2014 12:31:20 PM org.apache.catalina.startup.HostConfig deployDirectory
Información: Despliegue del directorio docs de la aplicación web
ene 25, 2014 12:31:20 PM org.apache.catalina.startup.HostConfig deployDirectory
Información: Despliegue del directorio examples de la aplicación web
ene 25, 2014 12:31:21 PM org.apache.catalina.startup.HostConfig deployDirectory
Información: Despliegue del directorio ROOT de la aplicación web
ene 25, 2014 12:31:21 PM org.apache.coyote.http11.Http11Protocol start
Información: Arrancando Coyote HTTP/1.1 en puerto http-8081
ene 25, 2014 12:31:21 PM org.apache.jk.common.ChannelSocket init
Información: JK: ajp13 listening on /0.0.0.0:8009
ene 25, 2014 12:31:21 PM org.apache.jk.server.JkMain start
Información: Jk running ID=0 time=0/36  config=null
ene 25, 2014 12:31:21 PM org.apache.catalina.startup.Catalina start
Información: Server startup in 31085 ms
ene 25, 2014 5:19:02 PM org.apache.catalina.core.AprLifecycleListener init
Información: La biblioteca nativa de Apache Tomcat basada en ARP que permite un rendimiento óptimo en entornos de desarrollo no ha sido hallada en java.library.path: C:\Program Files\Java\jdk1.7.0_45\bin;C:\WINDOWS\Sun\Java\bin;C:\WINDOWS\system32;C:\WINDOWS;C:\Program Files (x86)\NVIDIA Corporation\PhysX\Common;C:\WINDOWS\system32;C:\WINDOWS;C:\WINDOWS\System32\Wbem;C:\WINDOWS\System32\WindowsPowerShell\v1.0\;C:\Program Files (x86)\Windows Kits\8.1\Windows Performance Toolkit\;C:\Program Files\Microsoft SQL Server\110\Tools\Binn\;C:\Program Files (x86)\MySQL\MySQL Utilities 1.3.6\;C:\Program Files\Microsoft\Web Platform Installer\;C:\Program Files (x86)\Microsoft ASP.NET\ASP.NET Web Pages\v1.0\;.
ene 25, 2014 5:19:03 PM org.apache.coyote.http11.Http11Protocol init
Información: Inicializando Coyote HTTP/1.1 en puerto http-8081
ene 25, 2014 5:19:03 PM org.apache.catalina.startup.Catalina load
Información: Initialization processed in 1256 ms
ene 25, 2014 5:19:03 PM org.apache.catalina.core.StandardService start
Información: Arrancando servicio Catalina
ene 25, 2014 5:19:03 PM org.apache.catalina.core.StandardEngine start
Información: Starting Servlet Engine: Apache Tomcat/6.0.26
ene 25, 2014 5:19:03 PM org.apache.catalina.startup.HostConfig deployDescriptor
Información: Desplieque del descriptor de configuración host-manager.xml
ene 25, 2014 5:19:04 PM org.apache.catalina.startup.HostConfig deployDescriptor
Información: Desplieque del descriptor de configuración juddiv3.xml
ene 25, 2014 5:19:06 PM org.springframework.web.context.ContextLoader initWebApplicationContext
Información: Root WebApplicationContext: initialization started
ene 25, 2014 5:19:06 PM org.springframework.context.support.AbstractApplicationContext prepareRefresh
Información: Refreshing Root WebApplicationContext: startup date [Sat Jan 25 17:19:06 CET 2014]; root of context hierarchy
ene 25, 2014 5:19:06 PM org.springframework.beans.factory.xml.XmlBeanDefinitionReader loadBeanDefinitions
Información: Loading XML bean definitions from ServletContext resource [/WEB-INF/beans.xml]
ene 25, 2014 5:19:06 PM org.springframework.beans.factory.xml.XmlBeanDefinitionReader loadBeanDefinitions
Información: Loading XML bean definitions from class path resource [META-INF/cxf/cxf.xml]
ene 25, 2014 5:19:06 PM org.springframework.beans.factory.xml.XmlBeanDefinitionReader loadBeanDefinitions
Información: Loading XML bean definitions from class path resource [META-INF/cxf/cxf-extension-soap.xml]
ene 25, 2014 5:19:06 PM org.springframework.beans.factory.xml.XmlBeanDefinitionReader loadBeanDefinitions
Información: Loading XML bean definitions from class path resource [META-INF/cxf/cxf-servlet.xml]
ene 25, 2014 5:19:06 PM org.springframework.beans.factory.xml.XmlBeanDefinitionReader loadBeanDefinitions
Información: Loading XML bean definitions from class path resource [META-INF/cxf/cxf-extension-http.xml]
ene 25, 2014 5:19:07 PM org.apache.juddi.api.impl.UDDIServiceCounter getServer
Información: Found MBean server
ene 25, 2014 5:19:07 PM org.apache.juddi.api.impl.UDDIServiceCounter getServer
Información: Found MBean server
ene 25, 2014 5:19:07 PM org.apache.juddi.api.impl.UDDIServiceCounter getServer
Información: Found MBean server
ene 25, 2014 5:19:07 PM org.apache.juddi.api.impl.UDDIServiceCounter getServer
Información: Found MBean server
ene 25, 2014 5:19:07 PM org.apache.juddi.api.impl.UDDIServiceCounter getServer
Información: Found MBean server
ene 25, 2014 5:19:07 PM org.springframework.beans.factory.support.DefaultListableBeanFactory preInstantiateSingletons
Información: Pre-instantiating singletons in org.springframework.beans.factory.support.DefaultListableBeanFactory@42357933: defining beans [cxf,org.apache.cxf.bus.spring.BusApplicationListener,org.apache.cxf.bus.spring.BusWiringBeanFactoryPostProcessor,org.apache.cxf.bus.spring.Jsr250BeanPostProcessor,org.apache.cxf.bus.spring.BusExtensionPostProcessor,org.apache.cxf.resource.ResourceManager,org.apache.cxf.configuration.Configurer,org.apache.cxf.binding.BindingFactoryManager,org.apache.cxf.transport.DestinationFactoryManager,org.apache.cxf.transport.ConduitInitiatorManager,org.apache.cxf.wsdl.WSDLManager,org.apache.cxf.phase.PhaseManager,org.apache.cxf.workqueue.WorkQueueManager,org.apache.cxf.buslifecycle.BusLifeCycleManager,org.apache.cxf.endpoint.ServerRegistry,org.apache.cxf.endpoint.ServerLifeCycleManager,org.apache.cxf.endpoint.ClientLifeCycleManager,org.apache.cxf.transports.http.QueryHandlerRegistry,org.apache.cxf.endpoint.EndpointResolverRegistry,org.apache.cxf.headers.HeaderManager,org.apache.cxf.catalog.OASISCatalogManager,org.apache.cxf.service.factory.FactoryBeanListenerManager,org.apache.cxf.endpoint.ServiceContractResolverRegistry,org.apache.cxf.binding.soap.SoapBindingFactory,org.apache.cxf.binding.soap.SoapTransportFactory,org.apache.cxf.binding.soap.customEditorConfigurer,org.apache.cxf.transport.http.policy.HTTPClientAssertionBuilder,org.apache.cxf.transport.http.policy.HTTPServerAssertionBuilder,org.apache.cxf.transport.http.policy.NoOpPolicyInterceptorProvider,org.apache.cxf.transport.http.ClientOnlyHTTPTransportFactory,org.apache.cxf.transport.servlet.ServletTransportFactory,inquiry,publish,security,subscription,subscription-listener,custody-transfer,juddi-api]; root of factory hierarchy
ene 25, 2014 5:19:08 PM org.apache.cxf.service.factory.ReflectionServiceFactoryBean buildServiceFromClass
Información: Creating Service {urn:uddi-org:v3_service}UDDIInquiryService from class org.uddi.v3_service.UDDIInquiryPortType
ene 25, 2014 5:19:10 PM org.apache.cxf.endpoint.ServerImpl initDestination
Información: Setting the server's publish address to be /inquiry
ene 25, 2014 5:19:10 PM org.apache.cxf.service.factory.ReflectionServiceFactoryBean buildServiceFromClass
Información: Creating Service {urn:uddi-org:v3_service}UDDIPublicationService from class org.uddi.v3_service.UDDIPublicationPortType
ene 25, 2014 5:19:11 PM org.apache.cxf.endpoint.ServerImpl initDestination
Información: Setting the server's publish address to be /publish
ene 25, 2014 5:19:11 PM org.apache.cxf.service.factory.ReflectionServiceFactoryBean buildServiceFromClass
Información: Creating Service {urn:uddi-org:v3_service}UDDISecurityService from class org.uddi.v3_service.UDDISecurityPortType
ene 25, 2014 5:19:11 PM org.apache.cxf.endpoint.ServerImpl initDestination
Información: Setting the server's publish address to be /security
ene 25, 2014 5:19:11 PM org.apache.cxf.service.factory.ReflectionServiceFactoryBean buildServiceFromClass
Información: Creating Service {urn:uddi-org:v3_service}UDDISubscriptionService from class org.uddi.v3_service.UDDISubscriptionPortType
ene 25, 2014 5:19:12 PM org.apache.cxf.endpoint.ServerImpl initDestination
Información: Setting the server's publish address to be /subscription
ene 25, 2014 5:19:12 PM org.apache.cxf.service.factory.ReflectionServiceFactoryBean buildServiceFromClass
Información: Creating Service {urn:uddi-org:v3_service}UDDISubscriptionListenerService from class org.uddi.v3_service.UDDISubscriptionListenerPortType
ene 25, 2014 5:19:12 PM org.apache.cxf.endpoint.ServerImpl initDestination
Información: Setting the server's publish address to be /subscription-listener
ene 25, 2014 5:19:12 PM org.apache.cxf.service.factory.ReflectionServiceFactoryBean buildServiceFromClass
Información: Creating Service {urn:uddi-org:v3_service}UDDICustodyTransferService from class org.uddi.v3_service.UDDICustodyTransferPortType
ene 25, 2014 5:19:12 PM org.apache.cxf.endpoint.ServerImpl initDestination
Información: Setting the server's publish address to be /custody-transfer
ene 25, 2014 5:19:12 PM org.apache.cxf.service.factory.ReflectionServiceFactoryBean buildServiceFromClass
Información: Creating Service {urn:juddi-apache-org:v3_service}JUDDIApiService from class org.apache.juddi.v3_service.JUDDIApiPortType
ene 25, 2014 5:19:12 PM org.apache.cxf.endpoint.ServerImpl initDestination
Información: Setting the server's publish address to be /juddi-api
ene 25, 2014 5:19:12 PM org.springframework.web.context.ContextLoader initWebApplicationContext
Información: Root WebApplicationContext: initialization completed in 6813 ms
ene 25, 2014 5:19:12 PM org.apache.juddi.Registry start
Información: Starting jUDDI registry...
ene 25, 2014 5:19:13 PM org.apache.juddi.config.AppConfig loadConfiguration
Información: Reading from properties file:  file:/C:/Users/fawques/Documents/SOR/libSOR/lib/juddi-distro-3.1.5/juddi-tomcat-3.1.5/webapps/juddiv3/WEB-INF/classes/juddiv3.properties
ene 25, 2014 5:19:22 PM org.apache.juddi.Registry start
Información: jUDDI registry started succesfully.
ene 25, 2014 5:19:22 PM org.apache.cxf.transport.servlet.CXFServlet updateContext
Información: Load the bus with application context
ene 25, 2014 5:19:22 PM org.springframework.context.support.AbstractApplicationContext prepareRefresh
Información: Refreshing org.apache.cxf.bus.spring.BusApplicationContext@4c40301f: startup date [Sat Jan 25 17:19:22 CET 2014]; parent: Root WebApplicationContext
ene 25, 2014 5:19:22 PM org.springframework.beans.factory.support.DefaultListableBeanFactory preInstantiateSingletons
Información: Pre-instantiating singletons in org.springframework.beans.factory.support.DefaultListableBeanFactory@6c705f2c: defining beans []; parent: org.springframework.beans.factory.support.DefaultListableBeanFactory@42357933
ene 25, 2014 5:19:22 PM org.apache.cxf.transport.servlet.AbstractCXFServlet replaceDestinationFactory
Información: Servlet transport factory already registered 
ene 25, 2014 5:19:22 PM org.apache.catalina.startup.HostConfig deployDescriptor
Información: Desplieque del descriptor de configuración manager.xml
ene 25, 2014 5:19:23 PM org.apache.catalina.startup.HostConfig deployDirectory
Información: Despliegue del directorio docs de la aplicación web
ene 25, 2014 5:19:23 PM org.apache.catalina.startup.HostConfig deployDirectory
Información: Despliegue del directorio examples de la aplicación web
ene 25, 2014 5:19:23 PM org.apache.catalina.startup.HostConfig deployDirectory
Información: Despliegue del directorio ROOT de la aplicación web
ene 25, 2014 5:19:23 PM org.apache.coyote.http11.Http11Protocol start
Información: Arrancando Coyote HTTP/1.1 en puerto http-8081
ene 25, 2014 5:19:23 PM org.apache.jk.common.ChannelSocket init
Información: JK: ajp13 listening on /0.0.0.0:8009
ene 25, 2014 5:19:23 PM org.apache.jk.server.JkMain start
Información: Jk running ID=0 time=0/26  config=null
ene 25, 2014 5:19:23 PM org.apache.catalina.startup.Catalina start
Información: Server startup in 20454 ms
